<?xml version="1.0" encoding="UTF-8" ?>
<testsuites name="vitest tests" tests="313" failures="0" errors="0" time="50.0412404">
    <testsuite name="test/BackgroundServiceManager.test.ts" timestamp="2026-07-11T04:02:55.069Z" hostname="Jane" tests="2" failures="0" errors="0" skipped="0" time="10.0545232">
        <testcase classname="test/BackgroundServiceManager.test.ts" name="BackgroundServiceManager Tests &gt; Can start/stop single background service." time="5.019131">
            <system-out>
2026-07-11T04:02:39.349Z [32minfo[39m: Registering class BackgroundServiceManager
2026-07-11T04:02:39.349Z [34mdebug[39m: Creating new instance of class [BackgroundServiceManager] with name [BackgroundServiceManager:7258f283-9e11-42b6-904e-e7dfe7ce38ed]

2026-07-11T04:02:39.350Z [32minfo[39m: Starting service jobs.MyFirstService...
2026-07-11T04:02:39.350Z [32minfo[39m: Registering class jobs.MyFirstService
2026-07-11T04:02:39.350Z [34mdebug[39m: Creating new instance of class [jobs.MyFirstService] with name [jobs.MyFirstService]

2026-07-11T04:02:44.366Z [32minfo[39m: Stopping background service jobs.MyFirstService...

            </system-out>
        </testcase>
        <testcase classname="test/BackgroundServiceManager.test.ts" name="BackgroundServiceManager Tests &gt; Can start/stop multiple background services." time="5.0148448">
            <system-out>
2026-07-11T04:02:44.367Z [34mdebug[39m: Creating new instance of class [BackgroundServiceManager] with name [BackgroundServiceManager:49e17612-ae8c-478f-8e82-cbee20578626]

2026-07-11T04:02:44.367Z [32minfo[39m: Starting service jobs.MyFirstService...

2026-07-11T04:02:44.367Z [32minfo[39m: Starting service jobs.MySecondService...
2026-07-11T04:02:44.367Z [32minfo[39m: Registering class jobs.MySecondService
2026-07-11T04:02:44.367Z [34mdebug[39m: Creating new instance of class [jobs.MySecondService] with name [jobs.MySecondService]

2026-07-11T04:02:44.368Z [32minfo[39m: Starting service jobs.MyThirdService...
2026-07-11T04:02:44.368Z [32minfo[39m: Registering class jobs.MyThirdService
2026-07-11T04:02:44.368Z [34mdebug[39m: Creating new instance of class [jobs.MyThirdService] with name [jobs.MyThirdService]

2026-07-11T04:02:49.381Z [32minfo[39m: Stopping background service jobs.MyFirstService...

2026-07-11T04:02:49.381Z [32minfo[39m: Stopping background service jobs.MySecondService...

            </system-out>
        </testcase>
    </testsuite>
    <testsuite name="test/ModelUtils.test.ts" timestamp="2026-07-11T04:02:55.072Z" hostname="Jane" tests="59" failures="0" errors="0" skipped="0" time="0.0187722">
        <testcase classname="test/ModelUtils.test.ts" name="ModelUtils Tests &gt; MongoDB Tests &gt; Can build id search query with single identifier." time="0.0015653">
        </testcase>
        <testcase classname="test/ModelUtils.test.ts" name="ModelUtils Tests &gt; MongoDB Tests &gt; Can build id search query with single identifier and version." time="0.0001348">
        </testcase>
        <testcase classname="test/ModelUtils.test.ts" name="ModelUtils Tests &gt; MongoDB Tests &gt; Can build id search query with single identifier and version 0." time="0.0000977">
        </testcase>
        <testcase classname="test/ModelUtils.test.ts" name="ModelUtils Tests &gt; MongoDB Tests &gt; Can build id search query with multiple identifiers." time="0.0001337">
        </testcase>
        <testcase classname="test/ModelUtils.test.ts" name="ModelUtils Tests &gt; MongoDB Tests &gt; Can build id search query with multiple identifiers and version." time="0.0001112">
        </testcase>
        <testcase classname="test/ModelUtils.test.ts" name="ModelUtils Tests &gt; MongoDB Tests &gt; Can build id search query with multiple identifiers and values." time="0.0000996">
        </testcase>
        <testcase classname="test/ModelUtils.test.ts" name="ModelUtils Tests &gt; MongoDB Tests &gt; Can build id search query with multiple identifiers and values and version." time="0.0001009">
        </testcase>
        <testcase classname="test/ModelUtils.test.ts" name="ModelUtils Tests &gt; MongoDB Tests &gt; Can build search query with sort (default)." time="0.0004018">
        </testcase>
        <testcase classname="test/ModelUtils.test.ts" name="ModelUtils Tests &gt; MongoDB Tests &gt; Can build search query with sort (desc)." time="0.0002019">
        </testcase>
        <testcase classname="test/ModelUtils.test.ts" name="ModelUtils Tests &gt; MongoDB Tests &gt; Can build search query with sort (desc as object)." time="0.0001009">
        </testcase>
        <testcase classname="test/ModelUtils.test.ts" name="ModelUtils Tests &gt; MongoDB Tests &gt; Can build search query with single param (default)" time="0.0002454">
        </testcase>
        <testcase classname="test/ModelUtils.test.ts" name="ModelUtils Tests &gt; MongoDB Tests &gt; Can build search query with single param of int type default" time="0.0001337">
        </testcase>
        <testcase classname="test/ModelUtils.test.ts" name="ModelUtils Tests &gt; MongoDB Tests &gt; Can build search query with single param of boolean type (default)" time="0.0001035">
        </testcase>
        <testcase classname="test/ModelUtils.test.ts" name="ModelUtils Tests &gt; MongoDB Tests &gt; Can build search query with single param of date type (default)" time="0.0001084">
        </testcase>
        <testcase classname="test/ModelUtils.test.ts" name="ModelUtils Tests &gt; MongoDB Tests &gt; Can build search query with single param (eq)" time="0.000104">
        </testcase>
        <testcase classname="test/ModelUtils.test.ts" name="ModelUtils Tests &gt; MongoDB Tests &gt; Can build search query with single param of boolean type (eq)" time="0.0000915">
        </testcase>
        <testcase classname="test/ModelUtils.test.ts" name="ModelUtils Tests &gt; MongoDB Tests &gt; Can build search query with single param of number type (eq)" time="0.0000803">
        </testcase>
        <testcase classname="test/ModelUtils.test.ts" name="ModelUtils Tests &gt; MongoDB Tests &gt; Can build search query with single param (gt)" time="0.0000992">
        </testcase>
        <testcase classname="test/ModelUtils.test.ts" name="ModelUtils Tests &gt; MongoDB Tests &gt; Can build search query with single param of date type (gt)" time="0.0001181">
        </testcase>
        <testcase classname="test/ModelUtils.test.ts" name="ModelUtils Tests &gt; MongoDB Tests &gt; Can build search query with single param (gte)" time="0.0001048">
        </testcase>
        <testcase classname="test/ModelUtils.test.ts" name="ModelUtils Tests &gt; MongoDB Tests &gt; Can build search query with single param (in)" time="0.0001164">
        </testcase>
        <testcase classname="test/ModelUtils.test.ts" name="ModelUtils Tests &gt; MongoDB Tests &gt; Can build search query with single param (ILike)" time="0.0001162">
        </testcase>
        <testcase classname="test/ModelUtils.test.ts" name="ModelUtils Tests &gt; MongoDB Tests &gt; Can build search query with single param (lt)" time="0.0001163">
        </testcase>
        <testcase classname="test/ModelUtils.test.ts" name="ModelUtils Tests &gt; MongoDB Tests &gt; Can build search query with single param (lte)" time="0.0001009">
        </testcase>
        <testcase classname="test/ModelUtils.test.ts" name="ModelUtils Tests &gt; MongoDB Tests &gt; Can build search query with single param (not)" time="0.0001088">
        </testcase>
        <testcase classname="test/ModelUtils.test.ts" name="ModelUtils Tests &gt; MongoDB Tests &gt; Can build search query with single param (range)" time="0.0001034">
        </testcase>
        <testcase classname="test/ModelUtils.test.ts" name="ModelUtils Tests &gt; MongoDB Tests &gt; Can build search query with multiple params." time="0.0001192">
        </testcase>
        <testcase classname="test/ModelUtils.test.ts" name="ModelUtils Tests &gt; MongoDB Tests &gt; Can build search query with multiple params with same name." time="0.0001326">
        </testcase>
        <testcase classname="test/ModelUtils.test.ts" name="ModelUtils Tests &gt; MongoDB Tests &gt; Can build search query with multiple params and with same name." time="0.0001751">
        </testcase>
        <testcase classname="test/ModelUtils.test.ts" name="ModelUtils Tests &gt; MongoDB Tests &gt; Can build search query and filter reserved words." time="0.0001151">
        </testcase>
        <testcase classname="test/ModelUtils.test.ts" name="ModelUtils Tests &gt; SQL Tests &gt; Can build search query with limit." time="0.0002052">
        </testcase>
        <testcase classname="test/ModelUtils.test.ts" name="ModelUtils Tests &gt; SQL Tests &gt; Can build search query with capped limit." time="0.0000846">
        </testcase>
        <testcase classname="test/ModelUtils.test.ts" name="ModelUtils Tests &gt; SQL Tests &gt; Can build search query with page." time="0.000093">
        </testcase>
        <testcase classname="test/ModelUtils.test.ts" name="ModelUtils Tests &gt; SQL Tests &gt; Can build search query with sort (default)." time="0.0001015">
        </testcase>
        <testcase classname="test/ModelUtils.test.ts" name="ModelUtils Tests &gt; SQL Tests &gt; Can build search query with sort (desc)." time="0.0001061">
        </testcase>
        <testcase classname="test/ModelUtils.test.ts" name="ModelUtils Tests &gt; SQL Tests &gt; Can build search query with sort (desc as object)." time="0.0000888">
        </testcase>
        <testcase classname="test/ModelUtils.test.ts" name="ModelUtils Tests &gt; SQL Tests &gt; Can build search query with single param (default)" time="0.000265">
        </testcase>
        <testcase classname="test/ModelUtils.test.ts" name="ModelUtils Tests &gt; SQL Tests &gt; Can build search query with single param of type boolean (default)" time="0.0001136">
        </testcase>
        <testcase classname="test/ModelUtils.test.ts" name="ModelUtils Tests &gt; SQL Tests &gt; Can build search query with single param of date type (default)" time="0.0001337">
        </testcase>
        <testcase classname="test/ModelUtils.test.ts" name="ModelUtils Tests &gt; SQL Tests &gt; Can build search query with single param of type number (default)" time="0.0001145">
        </testcase>
        <testcase classname="test/ModelUtils.test.ts" name="ModelUtils Tests &gt; SQL Tests &gt; Can build search query with single param (eq)" time="0.0001112">
        </testcase>
        <testcase classname="test/ModelUtils.test.ts" name="ModelUtils Tests &gt; SQL Tests &gt; Can build search query with single param of type boolean (eq)" time="0.0001179">
        </testcase>
        <testcase classname="test/ModelUtils.test.ts" name="ModelUtils Tests &gt; SQL Tests &gt; Can build search query with single param of type number (eq)" time="0.0001006">
        </testcase>
        <testcase classname="test/ModelUtils.test.ts" name="ModelUtils Tests &gt; SQL Tests &gt; Can build search query with single param (gt)" time="0.0001275">
        </testcase>
        <testcase classname="test/ModelUtils.test.ts" name="ModelUtils Tests &gt; SQL Tests &gt; Can build search query with single param of date type (gt)" time="0.0001708">
        </testcase>
        <testcase classname="test/ModelUtils.test.ts" name="ModelUtils Tests &gt; SQL Tests &gt; Can build search query with single param (gte)" time="0.0001452">
        </testcase>
        <testcase classname="test/ModelUtils.test.ts" name="ModelUtils Tests &gt; SQL Tests &gt; Can build search query with single param (in)" time="0.0001492">
        </testcase>
        <testcase classname="test/ModelUtils.test.ts" name="ModelUtils Tests &gt; SQL Tests &gt; Can build search query with single param (ILike)" time="0.0001317">
        </testcase>
        <testcase classname="test/ModelUtils.test.ts" name="ModelUtils Tests &gt; SQL Tests &gt; Can build search query with single param (lt)" time="0.0001352">
        </testcase>
        <testcase classname="test/ModelUtils.test.ts" name="ModelUtils Tests &gt; SQL Tests &gt; Can build search query with single param (lte)" time="0.0001455">
        </testcase>
        <testcase classname="test/ModelUtils.test.ts" name="ModelUtils Tests &gt; SQL Tests &gt; Can build search query with single param (not)" time="0.0001447">
        </testcase>
        <testcase classname="test/ModelUtils.test.ts" name="ModelUtils Tests &gt; SQL Tests &gt; Can build search query with single param (range)" time="0.0001577">
        </testcase>
        <testcase classname="test/ModelUtils.test.ts" name="ModelUtils Tests &gt; SQL Tests &gt; Can build search query with multiple params." time="0.0001782">
        </testcase>
        <testcase classname="test/ModelUtils.test.ts" name="ModelUtils Tests &gt; SQL Tests &gt; Can build search query with multiple params with same name." time="0.0001901">
        </testcase>
        <testcase classname="test/ModelUtils.test.ts" name="ModelUtils Tests &gt; SQL Tests &gt; Can build search query with multiple params and with same name." time="0.0003081">
        </testcase>
        <testcase classname="test/ModelUtils.test.ts" name="ModelUtils Tests &gt; SQL Tests &gt; Can build search query and filter reserved words." time="0.0000979">
        </testcase>
        <testcase classname="test/ModelUtils.test.ts" name="ModelUtils Tests &gt; SQL Tests &gt; Can build search query with global composite OR criteria" time="0.0002099">
        </testcase>
        <testcase classname="test/ModelUtils.test.ts" name="ModelUtils Tests &gt; SQL Tests &gt; Can build search query with global composite OR criteria and sort" time="0.000224">
        </testcase>
        <testcase classname="test/ModelUtils.test.ts" name="ModelUtils Tests &gt; Can load models." time="0.0074468">
        </testcase>
    </testsuite>
    <testsuite name="test/MongoConnection.test.ts" timestamp="2026-07-11T04:02:55.078Z" hostname="Jane" tests="18" failures="0" errors="0" skipped="0" time="0.5448785">
        <testcase classname="test/MongoConnection.test.ts" name="MongoConnection Tests &gt; MongoConnection &gt; resolves repositories by class and by name" time="0.0013033">
        </testcase>
        <testcase classname="test/MongoConnection.test.ts" name="MongoConnection Tests &gt; MongoConnection &gt; resolves child entities to the parent collection" time="0.0001154">
        </testcase>
        <testcase classname="test/MongoConnection.test.ts" name="MongoConnection Tests &gt; MongoConnection &gt; throws for unregistered entity names" time="0.0005266">
        </testcase>
        <testcase classname="test/MongoConnection.test.ts" name="MongoConnection Tests &gt; MongoConnection &gt; provides getMongoRepository as an alias" time="0.0000796">
        </testcase>
        <testcase classname="test/MongoConnection.test.ts" name="MongoConnection Tests &gt; MongoConnection &gt; is not detected as a SQL DataSource" time="0.0001282">
        </testcase>
        <testcase classname="test/MongoConnection.test.ts" name="MongoConnection Tests &gt; MongoRepository &gt; saves new documents and assigns _id" time="0.0107287">
        </testcase>
        <testcase classname="test/MongoConnection.test.ts" name="MongoConnection Tests &gt; MongoRepository &gt; replaces documents with an existing _id" time="0.0034288">
        </testcase>
        <testcase classname="test/MongoConnection.test.ts" name="MongoConnection Tests &gt; MongoRepository &gt; omits undefined properties from saved documents" time="0.002501">
        </testcase>
        <testcase classname="test/MongoConnection.test.ts" name="MongoConnection Tests &gt; MongoRepository &gt; persists child entity instances with their _type" time="0.0018227">
        </testcase>
        <testcase classname="test/MongoConnection.test.ts" name="MongoConnection Tests &gt; MongoRepository &gt; supports find, findOne, count and distinct" time="0.0063988">
        </testcase>
        <testcase classname="test/MongoConnection.test.ts" name="MongoConnection Tests &gt; MongoRepository &gt; supports aggregation with cursor skip/limit/next/toArray" time="0.0040416">
        </testcase>
        <testcase classname="test/MongoConnection.test.ts" name="MongoConnection Tests &gt; MongoRepository &gt; supports updateOne, updateMany, deleteOne and deleteMany" time="0.0049192">
        </testcase>
        <testcase classname="test/MongoConnection.test.ts" name="MongoConnection Tests &gt; MongoRepository &gt; clear() tolerates missing collections" time="0.001668">
        </testcase>
        <testcase classname="test/MongoConnection.test.ts" name="MongoConnection Tests &gt; MongoSchemaSync &gt; creates collections and declared indexes" time="0.0251206">
        </testcase>
        <testcase classname="test/MongoConnection.test.ts" name="MongoConnection Tests &gt; MongoSchemaSync &gt; is idempotent" time="0.03246">
        </testcase>
        <testcase classname="test/MongoConnection.test.ts" name="MongoConnection Tests &gt; MongoSchemaSync &gt; re-creates indexes whose definition changed" time="0.0148101">
        </testcase>
        <testcase classname="test/MongoConnection.test.ts" name="MongoConnection Tests &gt; MongoSchemaSync &gt; keeps matching indexes with legacy names" time="0.0108992">
        </testcase>
        <testcase classname="test/MongoConnection.test.ts" name="MongoConnection Tests &gt; MongoSchemaSync &gt; never drops undeclared indexes or _id_" time="0.0126882">
        </testcase>
    </testsuite>
    <testsuite name="test/NetUtils.test.ts" timestamp="2026-07-11T04:02:55.080Z" hostname="Jane" tests="3" failures="0" errors="0" skipped="0" time="0.0030157">
        <testcase classname="test/NetUtils.test.ts" name="NetUtils Tests &gt; Can extract IPv4 address from string." time="0.0014121">
        </testcase>
        <testcase classname="test/NetUtils.test.ts" name="NetUtils Tests &gt; Can extract IPv6 address from string." time="0.0003498">
        </testcase>
        <testcase classname="test/NetUtils.test.ts" name="NetUtils Tests &gt; Can extract IP address from URL string." time="0.0001631">
        </testcase>
    </testsuite>
    <testsuite name="test/OpenApiSpec.test.ts" timestamp="2026-07-11T04:02:55.080Z" hostname="Jane" tests="1" failures="0" errors="0" skipped="0" time="0.0170429">
        <testcase classname="test/OpenApiSpec.test.ts" name="OpenApiSpec Tests &gt; Can serve OpenAPI spec." time="0.0150885">
            <system-out>
2026-07-11T04:02:54.446Z [32minfo[39m: Registering class OpenApiSpec
2026-07-11T04:02:54.447Z [34mdebug[39m: Creating new instance of class [OpenApiSpec] with name [OpenApiSpec:default]

2026-07-11T04:02:54.449Z [32minfo[39m: Registering class AdminRoute
2026-07-11T04:02:54.449Z [34mdebug[39m: Creating new instance of class [AdminRoute] with name [AdminRoute:90f63ba7-bd46-4aa2-9362-89c98a9ffc21]
2026-07-11T04:02:54.449Z [33mwarn[39m: Cache is disabled.
2026-07-11T04:02:54.449Z [33mwarn[39m: Could not initialize `/admin/logs` route. The `logs` datastore is not not configured.

2026-07-11T04:02:54.450Z [32minfo[39m: Registering class RouteUtils
2026-07-11T04:02:54.450Z [34mdebug[39m: Creating new instance of class [RouteUtils] with name [RouteUtils:da9b9e38-453d-4f27-b351-7dc06e58abb5]
2026-07-11T04:02:54.450Z [32minfo[39m: Registering class ACLUtils
2026-07-11T04:02:54.450Z [34mdebug[39m: Creating new instance of class [ACLUtils] with name [ACLUtils:default]
2026-07-11T04:02:54.450Z [32minfo[39m: Registering class ConnectionManager
2026-07-11T04:02:54.450Z [34mdebug[39m: Creating new instance of class [ConnectionManager] with name [ConnectionManager:default]
2026-07-11T04:02:54.450Z [32minfo[39m: Registering class AuthMiddleware
2026-07-11T04:02:54.450Z [34mdebug[39m: Creating new instance of class [AuthMiddleware] with name [AuthMiddleware:default]
2026-07-11T04:02:54.451Z [32minfo[39m: Registering class ObjectFactory
2026-07-11T04:02:54.451Z [34mdebug[39m: Creating new instance of class [ObjectFactory] with name [ObjectFactory:default]

2026-07-11T04:02:54.451Z [32minfo[39m: Registered Route: GET /admin/clear-cache
2026-07-11T04:02:54.452Z [32minfo[39m: Registered Route: WS /admin/logs
2026-07-11T04:02:54.452Z [32minfo[39m: Registered Route: GET /admin/release-notes
2026-07-11T04:02:54.452Z [32minfo[39m: Registered Route: GET /admin/restart
2026-07-11T04:02:54.452Z [31merror[39m: Failed to instantiate dependency. Type=class ACLUtils {
    get cacheClient() {
        return this.connMgr?.connections.get(&quot;cache&quot;);
    }
    get repo() {
        const conn = this.connMgr?.connections.get(&quot;acl&quot;);
        if (conn instanceof __vite_ssr_import_6__.MongoConnection) {
            return conn.getRepository((0,__vite_ssr_import_2__.AccessControlListMongo));
        } else if ((0,__vite_ssr_import_5__.isSqlDataSource)(conn)) {
            return conn.getRepository(__vite_ssr_import_1__.AccessControlListSQL.name);
        };
        return undefined;
    }
    init() {
        if (this.enabled) {
            if (!this.repo) {
                throw new Error(&quot;Failed to initialize ACLUtils. Did you forget to configure the `acl` datastore?&quot;);
            };
            this.logger?.info(&quot;RBAC system is enabled and ready.&quot;);
        } else {
            this.logger?.warn(&quot;RBAC system is disabled.&quot;);
        }
    }
    /**
	* Checks to see if the provided user matches the providedUserOrRoleId.
	* @param user The user to check.
	* @param userOrRoleId The ACL record id to check against.
	* @returns `true` if the user contains a `uid` or `role` that matches the `userOrRoleId`, otherwise `false`.
	*/ userMatchesId(user, userOrRoleId) {
        if (!user?.uid) {
            return userOrRoleId === &quot;anonymous&quot;;
        };
        // Explicit wildcards — match any authenticated user; no regex engine involved
        if (userOrRoleId === &quot;.*&quot; || userOrRoleId === &quot;*&quot;) return true;
        if (user.uid === userOrRoleId) return true;
        if (user.roles) {
            for (const role of user.roles){
                if (role === userOrRoleId) return true;
            }
        };
        return false;
    }
    /**
	* Validates that the user has permission to perform the request operation against the URL path for the
	* provided request. If ACLUtils has not been initialized or the `acl` datastore has not been configured
	* then always returns `true`.
	*
	* @param uid The uid of the access control list to verify against.
	* @param user The user to validate.
	* @param req The request whose URL path and method will be verified.
	*/ async checkRequestPerms(uid, user, req) {
        let result = true;
        // If RBAC is disabled just return
        if (!this.enabled) {
            return result;
        };
        // Request-scoped cache avoids duplicate Redis/DB fetches when the same ACL uid is
        // checked more than once within a single request (e.g. class + method @Protect).
        if (!req._aclCache) {
            req._aclCache = new Map();
        };
        const reqCache = req._aclCache;
        let acl = await this.findACL(uid, [], reqCache);
        if (acl) {
            // Make sure all parents are populated
            if (!acl.parent) {
                await this.populateParent(acl);
            };
            // First check if the user is trusted. Trusted users always have permission. We pass in the ACL uid as
            // it may be an organization id in which case we want to also check for organizational trusted users.
            if (__vite_ssr_import_0__.UserUtils.hasRoles(user, this.trustedRoles, acl.uid)) {
                result = true;
            } else {
                // Check for the FULL permission. If granted it will supersede any others. Otherwise, we&apos;ll
                // check individually based on the request method.
                result = await this.hasPermission(user, acl, __vite_ssr_import_3__.ACLAction.FULL);
                if (!result) {
                    // Map the request method to an ACLAction and test for permission
                    switch(req.method.toLowerCase()){
                        case &quot;delete&quot;:
                            result = await this.hasPermission(user, acl, __vite_ssr_import_3__.ACLAction.DELETE);
                            break;
                        case &quot;get&quot;:
                            result = await this.hasPermission(user, acl, __vite_ssr_import_3__.ACLAction.READ);
                            break;
                        case &quot;post&quot;:
                            result = await this.hasPermission(user, acl, __vite_ssr_import_3__.ACLAction.CREATE);
                            break;
                        case &quot;put&quot;:
                            result = await this.hasPermission(user, acl, __vite_ssr_import_3__.ACLAction.UPDATE);
                            break;
                    }
                }
            }
        };
        return result;
    }
    /**
	* Validates that the user has permission to perform the provided action using the given access control list.
	*
	* @param user The user to validate permissions of.
	* @param acl The ACL or uid of an ACL to validate permissions against.
	* @param action The action that the user desires permission for.
	* @returns `true` if the user has at least one of the permissions granted for the given entity, otherwise `false`.
	*/ async hasPermission(user, acl, action) {
        let result = null;
        // If the repo isn&apos;t available, no acl was provided or the ACL string is empty just return, assume always true
        if (!this.enabled || !this.repo || !acl || acl === &quot;&quot;) {
            return true;
        };
        // First check if the user is trusted. Trusted users always have permission. We pass in the ACL uid as
        // it may be an organization id in which case we want to also check for organizational trusted users.
        if (__vite_ssr_import_0__.UserUtils.hasRoles(user, this.trustedRoles, typeof acl === &quot;string&quot; ? acl : acl.uid)) {
            return true;
        };
        // If a uid has been given look up the ACL associated with it and then process
        if (typeof acl === &quot;string&quot;) {
            const entry = await this.findACL(acl);
            return entry ? await this.hasPermission(user, entry, action) : false;
        };
        // Look for the first available record for the given user
        const record = this.getRecord(acl, user);
        // Validate the requested action against the record.
        if (record) {
            // A `FULL` permission grant overrides everything else
            result = record.full;
            if (!result) {
                switch(action){
                    case __vite_ssr_import_3__.ACLAction.CREATE:
                        result = record.create;
                        break;
                    case __vite_ssr_import_3__.ACLAction.DELETE:
                        result = record.delete;
                        break;
                    case __vite_ssr_import_3__.ACLAction.FULL:
                        result = record.full || record.create &amp;&amp; record.delete &amp;&amp; record.read &amp;&amp; record.special &amp;&amp; record.update;
                        break;
                    case __vite_ssr_import_3__.ACLAction.READ:
                        result = record.read;
                        break;
                    case __vite_ssr_import_3__.ACLAction.SPECIAL:
                        result = record.special;
                        break;
                    case __vite_ssr_import_3__.ACLAction.UPDATE:
                        result = record.update;
                        break;
                }
            }
        };
        // No matching record found — deny by default
        return result !== null &amp;&amp; result !== undefined ? result : false;
    }
    /**
	* Retrieves the access control list with the associated identifier and populates the parent(s).
	*
	* @param entityId The unique identifier of the ACL to retrieve.
	* @param parentUids The list of already found parent UIDs. This is used to break circular dependencies.
	*/ async findACL(entityId, parentUids = [], reqCache) {
        if (!this.enabled || !this.repo) {
            return undefined;
        };
        // Check request-scoped cache first — eliminates redundant Redis/DB round trips
        // when the same ACL uid is visited more than once within one request.
        if (reqCache?.has(entityId)) {
            return reqCache.get(entityId) ?? undefined;
        };
        let acl = undefined;
        // Retrieve the ACL from the cache if present
        if (this.cacheClient) {
            const json = await this.cacheClient.get(`${CACHE_BASE_KEY}.${entityId}`);
            if (json) {
                try {
                    acl = JSON.parse(json);
                } catch (err) {}
            }
        };
        // If the acl wasn&apos;t found in the cache look in the database
        if (!acl) {
            if (this.repo instanceof __vite_ssr_import_7__.MongoRepository) {
                acl = await this.repo.findOne({
                    uid: entityId
                });
                acl = acl ? new __vite_ssr_import_2__.AccessControlListMongo(acl) : undefined;
            } else {
                acl = await this.repo.findOne({
                    where: {
                        uid: entityId
                    }
                });
                acl = acl ? new __vite_ssr_import_1__.AccessControlListSQL(acl) : undefined;
            };
            // Store a copy in the cache for faster retrieval next time
            if (acl &amp;&amp; this.cacheClient) {
                void this.cacheClient.setex(`${CACHE_BASE_KEY}.${entityId}`, this.cacheTTL, JSON.stringify(acl));
            }
        };
        // Populate request-scoped cache before fetching the parent chain so recursive
        // calls for the same uid are served from memory.
        if (reqCache) {
            reqCache.set(entityId, acl);
        };
        // Retrieve the parent ACL and assign it if available. Don&apos;t populate parents we&apos;ve
        // already found to prevent a circular dependency.
        if (acl &amp;&amp; acl.parentUid &amp;&amp; !parentUids.includes(acl.parentUid)) {
            parentUids.push(acl.parentUid);
            acl.parent = await this.findACL(acl.parentUid, parentUids, reqCache);
        };
        return acl;
    }
    /**
	* Deletes the ACL with the given identifier from the database.
	* @param uid The unique identifier of the ACL to remove.
	*/ async removeACL(uid) {
        if (this.enabled) {
            try {
                if (this.repo instanceof __vite_ssr_import_7__.MongoRepository) {
                    await this.repo.deleteOne({
                        uid
                    });
                } else if (this.repo) {
                    await this.repo.delete({
                        uid
                    });
                }
            } catch (err) {}
        }
    }
    /**
	* Compares two ACLs to see if they have been modified and returns the total number of changes between them.
	*
	* @param aclA The source ACL to compare against.
	* @param aclB The new ACL to compare with.
	* @returns The total number of changes between the two ACLs.
	*/ diffACL(aclA, aclB) {
        let result = 0;
        // Did the parent change?
        if (aclA.parentUid !== aclB.parentUid) {
            result++;
        };
        // Did any of the records change from A to B?
        for (const recordA of aclA.records){
            let foundRecord = undefined;
            // Look for the same record in aclA
            for (const recordB of aclB.records){
                if (recordA.userOrRoleId === recordB.userOrRoleId) {
                    foundRecord = recordB;
                    break;
                }
            };
            if (foundRecord) {
                // Check to see if any of the permissions changed for this record
                result += foundRecord.create !== recordA.create ? 1 : 0;
                result += foundRecord.delete !== recordA.delete ? 1 : 0;
                result += foundRecord.full !== recordA.full ? 1 : 0;
                result += foundRecord.read !== recordA.read ? 1 : 0;
                result += foundRecord.special !== recordA.special ? 1 : 0;
                result += foundRecord.update !== recordA.update ? 1 : 0;
            } else {
                result++;
            }
        };
        // Did any of the records change from B to A?
        for (const recordB of aclB.records){
            let foundRecord = undefined;
            // Look for the same record in aclA
            for (const recordA of aclA.records){
                if (recordA.userOrRoleId === recordB.userOrRoleId) {
                    foundRecord = recordA;
                    break;
                }
            };
            if (foundRecord) {
                // Check to see if any of the permissions changed for this record
                result += foundRecord.create !== recordB.create ? 1 : 0;
                result += foundRecord.delete !== recordB.delete ? 1 : 0;
                result += foundRecord.full !== recordB.full ? 1 : 0;
                result += foundRecord.read !== recordB.read ? 1 : 0;
                result += foundRecord.special !== recordB.special ? 1 : 0;
                result += foundRecord.update !== recordB.update ? 1 : 0;
            } else {
                result++;
            }
        };
        return result;
    }
    /**
	* Stores the given access control list into the ACL database.
	*
	* @param acl The ACL to store.
	* @return Returns the ACL that was stored in the database.
	*/ async saveACL(acl) {
        let result = null;
        if (!this.enabled || !acl) {
            return result;
        };
        if (this.repo instanceof __vite_ssr_import_7__.MongoRepository) {
            const mACL = new __vite_ssr_import_2__.AccessControlListMongo(acl);
            const existing = await this.repo.findOne({
                uid: acl.uid
            });
            // If no changes have been made between versions ignore this request
            if (existing &amp;&amp; this.diffACL(existing, acl) === 0) {
                return existing;
            };
            // Make sure that the versions match before we proceed
            if (existing &amp;&amp; existing.version !== mACL.version) {
                throw new Error(`The acl to save must be of the same version. ACL=${acl.uid}, Expected=${existing.version}, Actual=${mACL.version}`);
            };
            const aclMongo = new __vite_ssr_import_2__.AccessControlListMongo({
                ...acl,
                dateModifed: new Date(),
                version: existing ? mACL.version + 1 : 0
            });
            result = await this.repo.save(aclMongo);
        } else if (this.repo) {
            const sACL = new __vite_ssr_import_1__.AccessControlListSQL(acl);
            const existing = await this.repo.findOne({
                where: {
                    uid: acl.uid
                }
            });
            // If no changes have been made between versions ignore this request
            if (existing &amp;&amp; this.diffACL(existing, acl) === 0) {
                return existing;
            };
            // Make sure that the versions match before we proceed
            if (existing &amp;&amp; existing.version !== sACL.version) {
                throw new Error(`The acl to save must be of the same version. ACL=${acl.uid}, Expected=${existing.version}, Actual=${sACL.version}`);
            };
            const aclSQL = new __vite_ssr_import_1__.AccessControlListSQL({
                ...acl,
                dateModifed: new Date(),
                version: existing ? sACL.version + 1 : 0
            });
            result = await this.repo.save(aclSQL);
        };
        // Store a copy in the cache for faster retrieval next time
        if (this.cacheClient &amp;&amp; result) {
            void this.cacheClient.setex(`${CACHE_BASE_KEY}.${result.uid}`, this.cacheTTL, JSON.stringify(result));
        };
        return result;
    }
    /**
	* Stores the given default access control list into the ACL database. A default ACL is a special type of ACL
	* that is primarily defined and maintained within the code but allows for user-specific overrides. To accomplish
	* this, the provided ACL is split in two. A new record is automatically created with the `uid` of the form
	* `default_&lt;uid&gt;` that stores the exact record as provided by code. Then a second ACL record is created
	* with the `uid` being that of what is passed as the argument. This second ACL is used to store user-defined
	* overrides. As the `default_&lt;uid&gt;` record is always overwritten with the lastest version of the code, any
	* user-defined changes made to it are lost on service restart.
	*
	* @param defaultAcl
	* @returns
	*/ async saveDefaultACL(acl) {
        let result = null;
        if (!this.enabled || !acl) {
            return result;
        };
        // Make a copy of `acl` with a new name for our default_ record
        let defaultAcl = {
            ...acl,
            uid: `default_${acl.uid}`
        };
        // Attempt to update the default ACL record. If a version mismatch occurs we will try again.
        const maxAttempts = 3;
        let attempts = 0;
        while(attempts++ &lt; maxAttempts){
            try {
                // Two documents are stored for each default ACL. A record named `default_&lt;NAME&gt;`
                // and another named `&lt;NAME&gt;`. The `&lt;NAME&gt;` record stores the user-defined
                // overrides that overlay the `default_&lt;NAME&gt;` document. The `default_&lt;NAME&gt;` is
                // therefore always updated with whatever is provided as the `defaultAcl` argument.
                const existing = await this.findACL(defaultAcl.uid);
                if (existing) {
                    // Copy over the new records from code
                    existing.records = defaultAcl.records;
                    defaultAcl = existing;
                } else {
                    // Create the user-defined override record
                    result = await this.saveACL({
                        uid: acl.uid,
                        parentUid: defaultAcl.uid,
                        records: []
                    });
                };
                // Always save the ACL into the datastore
                await this.saveACL(defaultAcl);
                attempts = maxAttempts;
            } catch (err) {
                if (attempts &lt; maxAttempts) {
                    // Wait a brief moment before we try again. Stagger the time to avoid race conditions.
                    await (0,__vite_ssr_import_0__.sleep)(Math.floor(Math.random() * 1e3));
                } else {
                    // Rethrow if we&apos;re out of retries
                    throw err;
                }
            }
        };
        return result;
    }
    /**
	* Retrieves the first available record in the provided ACL associated with the provided user.
	*
	* @param acl The access control list that will be searched.
	* @param user The user to find a record for.
	* @returns The ACL record associated with the given user if found, otherwise `undefined`.
	*/ getRecord(acl, user) {
        if (!acl) {
            return null;
        };
        for (const record of acl.records){
            if (this.userMatchesId(user, record.userOrRoleId)) {
                return record;
            }
        };
        return acl.parent ? this.getRecord(acl.parent, user) : null;
    }
    /**
	* Attempts to retrieve the parent access control list for the given ACL object.
	*
	* @param acl The access control list whose parents will be populated.
	* @param parentUids The list of already found parent UIDs. This is used to break circular dependencies.
	*/ async populateParent(acl, parentUids = []) {
        if (acl &amp;&amp; acl.parentUid) {
            parentUids.push(acl.parentUid);
            acl.parent = await this.findACL(acl.parentUid, parentUids);
        }
    }
    constructor(){
        this.enabled = true;
        this.cacheTTL = 30;
        this.trustedRoles = [
            &quot;admin&quot;
        ];
    }
}, Parent=RouteUtils, Member=aclUtils
2026-07-11T04:02:54.452Z [34mdebug[39m: Failed to initialize ACLUtils. Did you forget to configure the `acl` datastore?

2026-07-11T04:02:54.452Z [34mdebug[39m: Creating new instance of class [OpenApiSpec] with name [OpenApiSpec:default]

2026-07-11T04:02:54.453Z [34mdebug[39m: Creating new instance of class [AdminRoute] with name [AdminRoute:4e6bdab3-a125-493f-a4d3-e6eec26b2380]
2026-07-11T04:02:54.453Z [33mwarn[39m: Cache is disabled.
2026-07-11T04:02:54.453Z [33mwarn[39m: Could not initialize `/admin/logs` route. The `logs` datastore is not not configured.

2026-07-11T04:02:54.453Z [34mdebug[39m: Creating new instance of class [RouteUtils] with name [RouteUtils:6fa0f795-b24f-4efd-b15d-5bd61a182e5f]
2026-07-11T04:02:54.453Z [34mdebug[39m: Creating new instance of class [ACLUtils] with name [ACLUtils:default]
2026-07-11T04:02:54.453Z [34mdebug[39m: Creating new instance of class [ConnectionManager] with name [ConnectionManager:default]
2026-07-11T04:02:54.453Z [34mdebug[39m: Creating new instance of class [AuthMiddleware] with name [AuthMiddleware:default]
2026-07-11T04:02:54.453Z [34mdebug[39m: Creating new instance of class [ObjectFactory] with name [ObjectFactory:default]

2026-07-11T04:02:54.453Z [32minfo[39m: Registered Route: GET /admin/clear-cache
2026-07-11T04:02:54.454Z [32minfo[39m: Registered Route: WS /admin/logs
2026-07-11T04:02:54.454Z [32minfo[39m: Registered Route: GET /admin/release-notes
2026-07-11T04:02:54.454Z [32minfo[39m: Registered Route: GET /admin/restart
2026-07-11T04:02:54.454Z [31merror[39m: Failed to instantiate dependency. Type=class ACLUtils {
    get cacheClient() {
        return this.connMgr?.connections.get(&quot;cache&quot;);
    }
    get repo() {
        const conn = this.connMgr?.connections.get(&quot;acl&quot;);
        if (conn instanceof __vite_ssr_import_6__.MongoConnection) {
            return conn.getRepository((0,__vite_ssr_import_2__.AccessControlListMongo));
        } else if ((0,__vite_ssr_import_5__.isSqlDataSource)(conn)) {
            return conn.getRepository(__vite_ssr_import_1__.AccessControlListSQL.name);
        };
        return undefined;
    }
    init() {
        if (this.enabled) {
            if (!this.repo) {
                throw new Error(&quot;Failed to initialize ACLUtils. Did you forget to configure the `acl` datastore?&quot;);
            };
            this.logger?.info(&quot;RBAC system is enabled and ready.&quot;);
        } else {
            this.logger?.warn(&quot;RBAC system is disabled.&quot;);
        }
    }
    /**
	* Checks to see if the provided user matches the providedUserOrRoleId.
	* @param user The user to check.
	* @param userOrRoleId The ACL record id to check against.
	* @returns `true` if the user contains a `uid` or `role` that matches the `userOrRoleId`, otherwise `false`.
	*/ userMatchesId(user, userOrRoleId) {
        if (!user?.uid) {
            return userOrRoleId === &quot;anonymous&quot;;
        };
        // Explicit wildcards — match any authenticated user; no regex engine involved
        if (userOrRoleId === &quot;.*&quot; || userOrRoleId === &quot;*&quot;) return true;
        if (user.uid === userOrRoleId) return true;
        if (user.roles) {
            for (const role of user.roles){
                if (role === userOrRoleId) return true;
            }
        };
        return false;
    }
    /**
	* Validates that the user has permission to perform the request operation against the URL path for the
	* provided request. If ACLUtils has not been initialized or the `acl` datastore has not been configured
	* then always returns `true`.
	*
	* @param uid The uid of the access control list to verify against.
	* @param user The user to validate.
	* @param req The request whose URL path and method will be verified.
	*/ async checkRequestPerms(uid, user, req) {
        let result = true;
        // If RBAC is disabled just return
        if (!this.enabled) {
            return result;
        };
        // Request-scoped cache avoids duplicate Redis/DB fetches when the same ACL uid is
        // checked more than once within a single request (e.g. class + method @Protect).
        if (!req._aclCache) {
            req._aclCache = new Map();
        };
        const reqCache = req._aclCache;
        let acl = await this.findACL(uid, [], reqCache);
        if (acl) {
            // Make sure all parents are populated
            if (!acl.parent) {
                await this.populateParent(acl);
            };
            // First check if the user is trusted. Trusted users always have permission. We pass in the ACL uid as
            // it may be an organization id in which case we want to also check for organizational trusted users.
            if (__vite_ssr_import_0__.UserUtils.hasRoles(user, this.trustedRoles, acl.uid)) {
                result = true;
            } else {
                // Check for the FULL permission. If granted it will supersede any others. Otherwise, we&apos;ll
                // check individually based on the request method.
                result = await this.hasPermission(user, acl, __vite_ssr_import_3__.ACLAction.FULL);
                if (!result) {
                    // Map the request method to an ACLAction and test for permission
                    switch(req.method.toLowerCase()){
                        case &quot;delete&quot;:
                            result = await this.hasPermission(user, acl, __vite_ssr_import_3__.ACLAction.DELETE);
                            break;
                        case &quot;get&quot;:
                            result = await this.hasPermission(user, acl, __vite_ssr_import_3__.ACLAction.READ);
                            break;
                        case &quot;post&quot;:
                            result = await this.hasPermission(user, acl, __vite_ssr_import_3__.ACLAction.CREATE);
                            break;
                        case &quot;put&quot;:
                            result = await this.hasPermission(user, acl, __vite_ssr_import_3__.ACLAction.UPDATE);
                            break;
                    }
                }
            }
        };
        return result;
    }
    /**
	* Validates that the user has permission to perform the provided action using the given access control list.
	*
	* @param user The user to validate permissions of.
	* @param acl The ACL or uid of an ACL to validate permissions against.
	* @param action The action that the user desires permission for.
	* @returns `true` if the user has at least one of the permissions granted for the given entity, otherwise `false`.
	*/ async hasPermission(user, acl, action) {
        let result = null;
        // If the repo isn&apos;t available, no acl was provided or the ACL string is empty just return, assume always true
        if (!this.enabled || !this.repo || !acl || acl === &quot;&quot;) {
            return true;
        };
        // First check if the user is trusted. Trusted users always have permission. We pass in the ACL uid as
        // it may be an organization id in which case we want to also check for organizational trusted users.
        if (__vite_ssr_import_0__.UserUtils.hasRoles(user, this.trustedRoles, typeof acl === &quot;string&quot; ? acl : acl.uid)) {
            return true;
        };
        // If a uid has been given look up the ACL associated with it and then process
        if (typeof acl === &quot;string&quot;) {
            const entry = await this.findACL(acl);
            return entry ? await this.hasPermission(user, entry, action) : false;
        };
        // Look for the first available record for the given user
        const record = this.getRecord(acl, user);
        // Validate the requested action against the record.
        if (record) {
            // A `FULL` permission grant overrides everything else
            result = record.full;
            if (!result) {
                switch(action){
                    case __vite_ssr_import_3__.ACLAction.CREATE:
                        result = record.create;
                        break;
                    case __vite_ssr_import_3__.ACLAction.DELETE:
                        result = record.delete;
                        break;
                    case __vite_ssr_import_3__.ACLAction.FULL:
                        result = record.full || record.create &amp;&amp; record.delete &amp;&amp; record.read &amp;&amp; record.special &amp;&amp; record.update;
                        break;
                    case __vite_ssr_import_3__.ACLAction.READ:
                        result = record.read;
                        break;
                    case __vite_ssr_import_3__.ACLAction.SPECIAL:
                        result = record.special;
                        break;
                    case __vite_ssr_import_3__.ACLAction.UPDATE:
                        result = record.update;
                        break;
                }
            }
        };
        // No matching record found — deny by default
        return result !== null &amp;&amp; result !== undefined ? result : false;
    }
    /**
	* Retrieves the access control list with the associated identifier and populates the parent(s).
	*
	* @param entityId The unique identifier of the ACL to retrieve.
	* @param parentUids The list of already found parent UIDs. This is used to break circular dependencies.
	*/ async findACL(entityId, parentUids = [], reqCache) {
        if (!this.enabled || !this.repo) {
            return undefined;
        };
        // Check request-scoped cache first — eliminates redundant Redis/DB round trips
        // when the same ACL uid is visited more than once within one request.
        if (reqCache?.has(entityId)) {
            return reqCache.get(entityId) ?? undefined;
        };
        let acl = undefined;
        // Retrieve the ACL from the cache if present
        if (this.cacheClient) {
            const json = await this.cacheClient.get(`${CACHE_BASE_KEY}.${entityId}`);
            if (json) {
                try {
                    acl = JSON.parse(json);
                } catch (err) {}
            }
        };
        // If the acl wasn&apos;t found in the cache look in the database
        if (!acl) {
            if (this.repo instanceof __vite_ssr_import_7__.MongoRepository) {
                acl = await this.repo.findOne({
                    uid: entityId
                });
                acl = acl ? new __vite_ssr_import_2__.AccessControlListMongo(acl) : undefined;
            } else {
                acl = await this.repo.findOne({
                    where: {
                        uid: entityId
                    }
                });
                acl = acl ? new __vite_ssr_import_1__.AccessControlListSQL(acl) : undefined;
            };
            // Store a copy in the cache for faster retrieval next time
            if (acl &amp;&amp; this.cacheClient) {
                void this.cacheClient.setex(`${CACHE_BASE_KEY}.${entityId}`, this.cacheTTL, JSON.stringify(acl));
            }
        };
        // Populate request-scoped cache before fetching the parent chain so recursive
        // calls for the same uid are served from memory.
        if (reqCache) {
            reqCache.set(entityId, acl);
        };
        // Retrieve the parent ACL and assign it if available. Don&apos;t populate parents we&apos;ve
        // already found to prevent a circular dependency.
        if (acl &amp;&amp; acl.parentUid &amp;&amp; !parentUids.includes(acl.parentUid)) {
            parentUids.push(acl.parentUid);
            acl.parent = await this.findACL(acl.parentUid, parentUids, reqCache);
        };
        return acl;
    }
    /**
	* Deletes the ACL with the given identifier from the database.
	* @param uid The unique identifier of the ACL to remove.
	*/ async removeACL(uid) {
        if (this.enabled) {
            try {
                if (this.repo instanceof __vite_ssr_import_7__.MongoRepository) {
                    await this.repo.deleteOne({
                        uid
                    });
                } else if (this.repo) {
                    await this.repo.delete({
                        uid
                    });
                }
            } catch (err) {}
        }
    }
    /**
	* Compares two ACLs to see if they have been modified and returns the total number of changes between them.
	*
	* @param aclA The source ACL to compare against.
	* @param aclB The new ACL to compare with.
	* @returns The total number of changes between the two ACLs.
	*/ diffACL(aclA, aclB) {
        let result = 0;
        // Did the parent change?
        if (aclA.parentUid !== aclB.parentUid) {
            result++;
        };
        // Did any of the records change from A to B?
        for (const recordA of aclA.records){
            let foundRecord = undefined;
            // Look for the same record in aclA
            for (const recordB of aclB.records){
                if (recordA.userOrRoleId === recordB.userOrRoleId) {
                    foundRecord = recordB;
                    break;
                }
            };
            if (foundRecord) {
                // Check to see if any of the permissions changed for this record
                result += foundRecord.create !== recordA.create ? 1 : 0;
                result += foundRecord.delete !== recordA.delete ? 1 : 0;
                result += foundRecord.full !== recordA.full ? 1 : 0;
                result += foundRecord.read !== recordA.read ? 1 : 0;
                result += foundRecord.special !== recordA.special ? 1 : 0;
                result += foundRecord.update !== recordA.update ? 1 : 0;
            } else {
                result++;
            }
        };
        // Did any of the records change from B to A?
        for (const recordB of aclB.records){
            let foundRecord = undefined;
            // Look for the same record in aclA
            for (const recordA of aclA.records){
                if (recordA.userOrRoleId === recordB.userOrRoleId) {
                    foundRecord = recordA;
                    break;
                }
            };
            if (foundRecord) {
                // Check to see if any of the permissions changed for this record
                result += foundRecord.create !== recordB.create ? 1 : 0;
                result += foundRecord.delete !== recordB.delete ? 1 : 0;
                result += foundRecord.full !== recordB.full ? 1 : 0;
                result += foundRecord.read !== recordB.read ? 1 : 0;
                result += foundRecord.special !== recordB.special ? 1 : 0;
                result += foundRecord.update !== recordB.update ? 1 : 0;
            } else {
                result++;
            }
        };
        return result;
    }
    /**
	* Stores the given access control list into the ACL database.
	*
	* @param acl The ACL to store.
	* @return Returns the ACL that was stored in the database.
	*/ async saveACL(acl) {
        let result = null;
        if (!this.enabled || !acl) {
            return result;
        };
        if (this.repo instanceof __vite_ssr_import_7__.MongoRepository) {
            const mACL = new __vite_ssr_import_2__.AccessControlListMongo(acl);
            const existing = await this.repo.findOne({
                uid: acl.uid
            });
            // If no changes have been made between versions ignore this request
            if (existing &amp;&amp; this.diffACL(existing, acl) === 0) {
                return existing;
            };
            // Make sure that the versions match before we proceed
            if (existing &amp;&amp; existing.version !== mACL.version) {
                throw new Error(`The acl to save must be of the same version. ACL=${acl.uid}, Expected=${existing.version}, Actual=${mACL.version}`);
            };
            const aclMongo = new __vite_ssr_import_2__.AccessControlListMongo({
                ...acl,
                dateModifed: new Date(),
                version: existing ? mACL.version + 1 : 0
            });
            result = await this.repo.save(aclMongo);
        } else if (this.repo) {
            const sACL = new __vite_ssr_import_1__.AccessControlListSQL(acl);
            const existing = await this.repo.findOne({
                where: {
                    uid: acl.uid
                }
            });
            // If no changes have been made between versions ignore this request
            if (existing &amp;&amp; this.diffACL(existing, acl) === 0) {
                return existing;
            };
            // Make sure that the versions match before we proceed
            if (existing &amp;&amp; existing.version !== sACL.version) {
                throw new Error(`The acl to save must be of the same version. ACL=${acl.uid}, Expected=${existing.version}, Actual=${sACL.version}`);
            };
            const aclSQL = new __vite_ssr_import_1__.AccessControlListSQL({
                ...acl,
                dateModifed: new Date(),
                version: existing ? sACL.version + 1 : 0
            });
            result = await this.repo.save(aclSQL);
        };
        // Store a copy in the cache for faster retrieval next time
        if (this.cacheClient &amp;&amp; result) {
            void this.cacheClient.setex(`${CACHE_BASE_KEY}.${result.uid}`, this.cacheTTL, JSON.stringify(result));
        };
        return result;
    }
    /**
	* Stores the given default access control list into the ACL database. A default ACL is a special type of ACL
	* that is primarily defined and maintained within the code but allows for user-specific overrides. To accomplish
	* this, the provided ACL is split in two. A new record is automatically created with the `uid` of the form
	* `default_&lt;uid&gt;` that stores the exact record as provided by code. Then a second ACL record is created
	* with the `uid` being that of what is passed as the argument. This second ACL is used to store user-defined
	* overrides. As the `default_&lt;uid&gt;` record is always overwritten with the lastest version of the code, any
	* user-defined changes made to it are lost on service restart.
	*
	* @param defaultAcl
	* @returns
	*/ async saveDefaultACL(acl) {
        let result = null;
        if (!this.enabled || !acl) {
            return result;
        };
        // Make a copy of `acl` with a new name for our default_ record
        let defaultAcl = {
            ...acl,
            uid: `default_${acl.uid}`
        };
        // Attempt to update the default ACL record. If a version mismatch occurs we will try again.
        const maxAttempts = 3;
        let attempts = 0;
        while(attempts++ &lt; maxAttempts){
            try {
                // Two documents are stored for each default ACL. A record named `default_&lt;NAME&gt;`
                // and another named `&lt;NAME&gt;`. The `&lt;NAME&gt;` record stores the user-defined
                // overrides that overlay the `default_&lt;NAME&gt;` document. The `default_&lt;NAME&gt;` is
                // therefore always updated with whatever is provided as the `defaultAcl` argument.
                const existing = await this.findACL(defaultAcl.uid);
                if (existing) {
                    // Copy over the new records from code
                    existing.records = defaultAcl.records;
                    defaultAcl = existing;
                } else {
                    // Create the user-defined override record
                    result = await this.saveACL({
                        uid: acl.uid,
                        parentUid: defaultAcl.uid,
                        records: []
                    });
                };
                // Always save the ACL into the datastore
                await this.saveACL(defaultAcl);
                attempts = maxAttempts;
            } catch (err) {
                if (attempts &lt; maxAttempts) {
                    // Wait a brief moment before we try again. Stagger the time to avoid race conditions.
                    await (0,__vite_ssr_import_0__.sleep)(Math.floor(Math.random() * 1e3));
                } else {
                    // Rethrow if we&apos;re out of retries
                    throw err;
                }
            }
        };
        return result;
    }
    /**
	* Retrieves the first available record in the provided ACL associated with the provided user.
	*
	* @param acl The access control list that will be searched.
	* @param user The user to find a record for.
	* @returns The ACL record associated with the given user if found, otherwise `undefined`.
	*/ getRecord(acl, user) {
        if (!acl) {
            return null;
        };
        for (const record of acl.records){
            if (this.userMatchesId(user, record.userOrRoleId)) {
                return record;
            }
        };
        return acl.parent ? this.getRecord(acl.parent, user) : null;
    }
    /**
	* Attempts to retrieve the parent access control list for the given ACL object.
	*
	* @param acl The access control list whose parents will be populated.
	* @param parentUids The list of already found parent UIDs. This is used to break circular dependencies.
	*/ async populateParent(acl, parentUids = []) {
        if (acl &amp;&amp; acl.parentUid) {
            parentUids.push(acl.parentUid);
            acl.parent = await this.findACL(acl.parentUid, parentUids);
        }
    }
    constructor(){
        this.enabled = true;
        this.cacheTTL = 30;
        this.trustedRoles = [
            &quot;admin&quot;
        ];
    }
}, Parent=RouteUtils, Member=aclUtils
2026-07-11T04:02:54.454Z [34mdebug[39m: Failed to initialize ACLUtils. Did you forget to configure the `acl` datastore?

2026-07-11T04:02:54.454Z [34mdebug[39m: Creating new instance of class [OpenApiSpec] with name [OpenApiSpec:default]

2026-07-11T04:02:54.454Z [34mdebug[39m: Creating new instance of class [AdminRoute] with name [AdminRoute:9067e939-a951-4e8c-b94c-726c37a6d683]
2026-07-11T04:02:54.454Z [33mwarn[39m: Cache is disabled.
2026-07-11T04:02:54.454Z [33mwarn[39m: Could not initialize `/admin/logs` route. The `logs` datastore is not not configured.

2026-07-11T04:02:54.454Z [34mdebug[39m: Creating new instance of class [RouteUtils] with name [RouteUtils:1a2fcad9-3bb5-4b7d-aaa6-a6c156b5f357]
2026-07-11T04:02:54.454Z [34mdebug[39m: Creating new instance of class [ACLUtils] with name [ACLUtils:default]
2026-07-11T04:02:54.454Z [34mdebug[39m: Creating new instance of class [ConnectionManager] with name [ConnectionManager:default]
2026-07-11T04:02:54.454Z [34mdebug[39m: Creating new instance of class [AuthMiddleware] with name [AuthMiddleware:default]
2026-07-11T04:02:54.455Z [34mdebug[39m: Creating new instance of class [ObjectFactory] with name [ObjectFactory:default]

2026-07-11T04:02:54.455Z [32minfo[39m: Registered Route: GET /admin/clear-cache
2026-07-11T04:02:54.455Z [32minfo[39m: Registered Route: WS /admin/logs
2026-07-11T04:02:54.455Z [32minfo[39m: Registered Route: GET /admin/release-notes
2026-07-11T04:02:54.455Z [32minfo[39m: Registered Route: GET /admin/restart
2026-07-11T04:02:54.455Z [31merror[39m: Failed to instantiate dependency. Type=class ACLUtils {
    get cacheClient() {
        return this.connMgr?.connections.get(&quot;cache&quot;);
    }
    get repo() {
        const conn = this.connMgr?.connections.get(&quot;acl&quot;);
        if (conn instanceof __vite_ssr_import_6__.MongoConnection) {
            return conn.getRepository((0,__vite_ssr_import_2__.AccessControlListMongo));
        } else if ((0,__vite_ssr_import_5__.isSqlDataSource)(conn)) {
            return conn.getRepository(__vite_ssr_import_1__.AccessControlListSQL.name);
        };
        return undefined;
    }
    init() {
        if (this.enabled) {
            if (!this.repo) {
                throw new Error(&quot;Failed to initialize ACLUtils. Did you forget to configure the `acl` datastore?&quot;);
            };
            this.logger?.info(&quot;RBAC system is enabled and ready.&quot;);
        } else {
            this.logger?.warn(&quot;RBAC system is disabled.&quot;);
        }
    }
    /**
	* Checks to see if the provided user matches the providedUserOrRoleId.
	* @param user The user to check.
	* @param userOrRoleId The ACL record id to check against.
	* @returns `true` if the user contains a `uid` or `role` that matches the `userOrRoleId`, otherwise `false`.
	*/ userMatchesId(user, userOrRoleId) {
        if (!user?.uid) {
            return userOrRoleId === &quot;anonymous&quot;;
        };
        // Explicit wildcards — match any authenticated user; no regex engine involved
        if (userOrRoleId === &quot;.*&quot; || userOrRoleId === &quot;*&quot;) return true;
        if (user.uid === userOrRoleId) return true;
        if (user.roles) {
            for (const role of user.roles){
                if (role === userOrRoleId) return true;
            }
        };
        return false;
    }
    /**
	* Validates that the user has permission to perform the request operation against the URL path for the
	* provided request. If ACLUtils has not been initialized or the `acl` datastore has not been configured
	* then always returns `true`.
	*
	* @param uid The uid of the access control list to verify against.
	* @param user The user to validate.
	* @param req The request whose URL path and method will be verified.
	*/ async checkRequestPerms(uid, user, req) {
        let result = true;
        // If RBAC is disabled just return
        if (!this.enabled) {
            return result;
        };
        // Request-scoped cache avoids duplicate Redis/DB fetches when the same ACL uid is
        // checked more than once within a single request (e.g. class + method @Protect).
        if (!req._aclCache) {
            req._aclCache = new Map();
        };
        const reqCache = req._aclCache;
        let acl = await this.findACL(uid, [], reqCache);
        if (acl) {
            // Make sure all parents are populated
            if (!acl.parent) {
                await this.populateParent(acl);
            };
            // First check if the user is trusted. Trusted users always have permission. We pass in the ACL uid as
            // it may be an organization id in which case we want to also check for organizational trusted users.
            if (__vite_ssr_import_0__.UserUtils.hasRoles(user, this.trustedRoles, acl.uid)) {
                result = true;
            } else {
                // Check for the FULL permission. If granted it will supersede any others. Otherwise, we&apos;ll
                // check individually based on the request method.
                result = await this.hasPermission(user, acl, __vite_ssr_import_3__.ACLAction.FULL);
                if (!result) {
                    // Map the request method to an ACLAction and test for permission
                    switch(req.method.toLowerCase()){
                        case &quot;delete&quot;:
                            result = await this.hasPermission(user, acl, __vite_ssr_import_3__.ACLAction.DELETE);
                            break;
                        case &quot;get&quot;:
                            result = await this.hasPermission(user, acl, __vite_ssr_import_3__.ACLAction.READ);
                            break;
                        case &quot;post&quot;:
                            result = await this.hasPermission(user, acl, __vite_ssr_import_3__.ACLAction.CREATE);
                            break;
                        case &quot;put&quot;:
                            result = await this.hasPermission(user, acl, __vite_ssr_import_3__.ACLAction.UPDATE);
                            break;
                    }
                }
            }
        };
        return result;
    }
    /**
	* Validates that the user has permission to perform the provided action using the given access control list.
	*
	* @param user The user to validate permissions of.
	* @param acl The ACL or uid of an ACL to validate permissions against.
	* @param action The action that the user desires permission for.
	* @returns `true` if the user has at least one of the permissions granted for the given entity, otherwise `false`.
	*/ async hasPermission(user, acl, action) {
        let result = null;
        // If the repo isn&apos;t available, no acl was provided or the ACL string is empty just return, assume always true
        if (!this.enabled || !this.repo || !acl || acl === &quot;&quot;) {
            return true;
        };
        // First check if the user is trusted. Trusted users always have permission. We pass in the ACL uid as
        // it may be an organization id in which case we want to also check for organizational trusted users.
        if (__vite_ssr_import_0__.UserUtils.hasRoles(user, this.trustedRoles, typeof acl === &quot;string&quot; ? acl : acl.uid)) {
            return true;
        };
        // If a uid has been given look up the ACL associated with it and then process
        if (typeof acl === &quot;string&quot;) {
            const entry = await this.findACL(acl);
            return entry ? await this.hasPermission(user, entry, action) : false;
        };
        // Look for the first available record for the given user
        const record = this.getRecord(acl, user);
        // Validate the requested action against the record.
        if (record) {
            // A `FULL` permission grant overrides everything else
            result = record.full;
            if (!result) {
                switch(action){
                    case __vite_ssr_import_3__.ACLAction.CREATE:
                        result = record.create;
                        break;
                    case __vite_ssr_import_3__.ACLAction.DELETE:
                        result = record.delete;
                        break;
                    case __vite_ssr_import_3__.ACLAction.FULL:
                        result = record.full || record.create &amp;&amp; record.delete &amp;&amp; record.read &amp;&amp; record.special &amp;&amp; record.update;
                        break;
                    case __vite_ssr_import_3__.ACLAction.READ:
                        result = record.read;
                        break;
                    case __vite_ssr_import_3__.ACLAction.SPECIAL:
                        result = record.special;
                        break;
                    case __vite_ssr_import_3__.ACLAction.UPDATE:
                        result = record.update;
                        break;
                }
            }
        };
        // No matching record found — deny by default
        return result !== null &amp;&amp; result !== undefined ? result : false;
    }
    /**
	* Retrieves the access control list with the associated identifier and populates the parent(s).
	*
	* @param entityId The unique identifier of the ACL to retrieve.
	* @param parentUids The list of already found parent UIDs. This is used to break circular dependencies.
	*/ async findACL(entityId, parentUids = [], reqCache) {
        if (!this.enabled || !this.repo) {
            return undefined;
        };
        // Check request-scoped cache first — eliminates redundant Redis/DB round trips
        // when the same ACL uid is visited more than once within one request.
        if (reqCache?.has(entityId)) {
            return reqCache.get(entityId) ?? undefined;
        };
        let acl = undefined;
        // Retrieve the ACL from the cache if present
        if (this.cacheClient) {
            const json = await this.cacheClient.get(`${CACHE_BASE_KEY}.${entityId}`);
            if (json) {
                try {
                    acl = JSON.parse(json);
                } catch (err) {}
            }
        };
        // If the acl wasn&apos;t found in the cache look in the database
        if (!acl) {
            if (this.repo instanceof __vite_ssr_import_7__.MongoRepository) {
                acl = await this.repo.findOne({
                    uid: entityId
                });
                acl = acl ? new __vite_ssr_import_2__.AccessControlListMongo(acl) : undefined;
            } else {
                acl = await this.repo.findOne({
                    where: {
                        uid: entityId
                    }
                });
                acl = acl ? new __vite_ssr_import_1__.AccessControlListSQL(acl) : undefined;
            };
            // Store a copy in the cache for faster retrieval next time
            if (acl &amp;&amp; this.cacheClient) {
                void this.cacheClient.setex(`${CACHE_BASE_KEY}.${entityId}`, this.cacheTTL, JSON.stringify(acl));
            }
        };
        // Populate request-scoped cache before fetching the parent chain so recursive
        // calls for the same uid are served from memory.
        if (reqCache) {
            reqCache.set(entityId, acl);
        };
        // Retrieve the parent ACL and assign it if available. Don&apos;t populate parents we&apos;ve
        // already found to prevent a circular dependency.
        if (acl &amp;&amp; acl.parentUid &amp;&amp; !parentUids.includes(acl.parentUid)) {
            parentUids.push(acl.parentUid);
            acl.parent = await this.findACL(acl.parentUid, parentUids, reqCache);
        };
        return acl;
    }
    /**
	* Deletes the ACL with the given identifier from the database.
	* @param uid The unique identifier of the ACL to remove.
	*/ async removeACL(uid) {
        if (this.enabled) {
            try {
                if (this.repo instanceof __vite_ssr_import_7__.MongoRepository) {
                    await this.repo.deleteOne({
                        uid
                    });
                } else if (this.repo) {
                    await this.repo.delete({
                        uid
                    });
                }
            } catch (err) {}
        }
    }
    /**
	* Compares two ACLs to see if they have been modified and returns the total number of changes between them.
	*
	* @param aclA The source ACL to compare against.
	* @param aclB The new ACL to compare with.
	* @returns The total number of changes between the two ACLs.
	*/ diffACL(aclA, aclB) {
        let result = 0;
        // Did the parent change?
        if (aclA.parentUid !== aclB.parentUid) {
            result++;
        };
        // Did any of the records change from A to B?
        for (const recordA of aclA.records){
            let foundRecord = undefined;
            // Look for the same record in aclA
            for (const recordB of aclB.records){
                if (recordA.userOrRoleId === recordB.userOrRoleId) {
                    foundRecord = recordB;
                    break;
                }
            };
            if (foundRecord) {
                // Check to see if any of the permissions changed for this record
                result += foundRecord.create !== recordA.create ? 1 : 0;
                result += foundRecord.delete !== recordA.delete ? 1 : 0;
                result += foundRecord.full !== recordA.full ? 1 : 0;
                result += foundRecord.read !== recordA.read ? 1 : 0;
                result += foundRecord.special !== recordA.special ? 1 : 0;
                result += foundRecord.update !== recordA.update ? 1 : 0;
            } else {
                result++;
            }
        };
        // Did any of the records change from B to A?
        for (const recordB of aclB.records){
            let foundRecord = undefined;
            // Look for the same record in aclA
            for (const recordA of aclA.records){
                if (recordA.userOrRoleId === recordB.userOrRoleId) {
                    foundRecord = recordA;
                    break;
                }
            };
            if (foundRecord) {
                // Check to see if any of the permissions changed for this record
                result += foundRecord.create !== recordB.create ? 1 : 0;
                result += foundRecord.delete !== recordB.delete ? 1 : 0;
                result += foundRecord.full !== recordB.full ? 1 : 0;
                result += foundRecord.read !== recordB.read ? 1 : 0;
                result += foundRecord.special !== recordB.special ? 1 : 0;
                result += foundRecord.update !== recordB.update ? 1 : 0;
            } else {
                result++;
            }
        };
        return result;
    }
    /**
	* Stores the given access control list into the ACL database.
	*
	* @param acl The ACL to store.
	* @return Returns the ACL that was stored in the database.
	*/ async saveACL(acl) {
        let result = null;
        if (!this.enabled || !acl) {
            return result;
        };
        if (this.repo instanceof __vite_ssr_import_7__.MongoRepository) {
            const mACL = new __vite_ssr_import_2__.AccessControlListMongo(acl);
            const existing = await this.repo.findOne({
                uid: acl.uid
            });
            // If no changes have been made between versions ignore this request
            if (existing &amp;&amp; this.diffACL(existing, acl) === 0) {
                return existing;
            };
            // Make sure that the versions match before we proceed
            if (existing &amp;&amp; existing.version !== mACL.version) {
                throw new Error(`The acl to save must be of the same version. ACL=${acl.uid}, Expected=${existing.version}, Actual=${mACL.version}`);
            };
            const aclMongo = new __vite_ssr_import_2__.AccessControlListMongo({
                ...acl,
                dateModifed: new Date(),
                version: existing ? mACL.version + 1 : 0
            });
            result = await this.repo.save(aclMongo);
        } else if (this.repo) {
            const sACL = new __vite_ssr_import_1__.AccessControlListSQL(acl);
            const existing = await this.repo.findOne({
                where: {
                    uid: acl.uid
                }
            });
            // If no changes have been made between versions ignore this request
            if (existing &amp;&amp; this.diffACL(existing, acl) === 0) {
                return existing;
            };
            // Make sure that the versions match before we proceed
            if (existing &amp;&amp; existing.version !== sACL.version) {
                throw new Error(`The acl to save must be of the same version. ACL=${acl.uid}, Expected=${existing.version}, Actual=${sACL.version}`);
            };
            const aclSQL = new __vite_ssr_import_1__.AccessControlListSQL({
                ...acl,
                dateModifed: new Date(),
                version: existing ? sACL.version + 1 : 0
            });
            result = await this.repo.save(aclSQL);
        };
        // Store a copy in the cache for faster retrieval next time
        if (this.cacheClient &amp;&amp; result) {
            void this.cacheClient.setex(`${CACHE_BASE_KEY}.${result.uid}`, this.cacheTTL, JSON.stringify(result));
        };
        return result;
    }
    /**
	* Stores the given default access control list into the ACL database. A default ACL is a special type of ACL
	* that is primarily defined and maintained within the code but allows for user-specific overrides. To accomplish
	* this, the provided ACL is split in two. A new record is automatically created with the `uid` of the form
[...]
        </testcase>
    </testsuite>
    <testsuite name="test/routes/StaticRoute.test.ts" timestamp="2026-07-11T04:02:55.108Z" hostname="Jane" tests="11" failures="0" errors="0" skipped="0" time="0.9867307">
        <testcase classname="test/routes/StaticRoute.test.ts" name="BaseStaticRoute Tests &gt; Returns a 404 for the base path without a trailing slash (the `/*` route requires it)." time="0.0170962">
        </testcase>
        <testcase classname="test/routes/StaticRoute.test.ts" name="BaseStaticRoute Tests &gt; Serves the root index.html when requesting the base path with a trailing slash." time="0.0035322">
        </testcase>
        <testcase classname="test/routes/StaticRoute.test.ts" name="BaseStaticRoute Tests &gt; Serves a plain text file with the correct content type." time="0.0041762">
        </testcase>
        <testcase classname="test/routes/StaticRoute.test.ts" name="BaseStaticRoute Tests &gt; Serves a CSS file with the correct content type." time="0.0015773">
        </testcase>
        <testcase classname="test/routes/StaticRoute.test.ts" name="BaseStaticRoute Tests &gt; Serves a JSON file with the correct content type." time="0.0018104">
        </testcase>
        <testcase classname="test/routes/StaticRoute.test.ts" name="BaseStaticRoute Tests &gt; Serves a file nested in a subdirectory when requested directly." time="0.0015332">
        </testcase>
        <testcase classname="test/routes/StaticRoute.test.ts" name="BaseStaticRoute Tests &gt; Serves an unrecognized extension as application/octet-stream." time="0.0014474">
        </testcase>
        <testcase classname="test/routes/StaticRoute.test.ts" name="BaseStaticRoute Tests &gt; Returns a 404 for a file that does not exist." time="0.0011596">
        </testcase>
        <testcase classname="test/routes/StaticRoute.test.ts" name="BaseStaticRoute Tests &gt; Returns a 404 for a nested directory requested without an explicit file." time="0.0038269">
        </testcase>
        <testcase classname="test/routes/StaticRoute.test.ts" name="BaseStaticRoute Tests &gt; Does not require authentication to serve files." time="0.001275">
        </testcase>
        <testcase classname="test/routes/StaticRoute.test.ts" name="BaseStaticRoute Tests &gt; Blocks path traversal outside of the configured static directory." time="0.0009554">
        </testcase>
    </testsuite>
    <testsuite name="test/routes/StatusRoute.test.ts" timestamp="2026-07-11T04:02:55.109Z" hostname="Jane" tests="2" failures="0" errors="0" skipped="0" time="0.7964516">
        <testcase classname="test/routes/StatusRoute.test.ts" name="StatusRoute Tests &gt; Can serve status." time="0.0126545">
        </testcase>
        <testcase classname="test/routes/StatusRoute.test.ts" name="StatusRoute Tests &gt; Can serve status, with data updates." time="0.001717">
        </testcase>
    </testsuite>
    <testsuite name="test/routes/VersionedModelRoute.Mongo.test.ts" timestamp="2026-07-11T04:02:55.110Z" hostname="Jane" tests="18" failures="0" errors="0" skipped="0" time="1.0105654">
        <testcase classname="test/routes/VersionedModelRoute.Mongo.test.ts" name="VersionedModelRoute Tests [MongoDB] &gt; Single Document Tests [MongoDB] &gt; Can create document. [MongoDB]" time="0.0174642">
        </testcase>
        <testcase classname="test/routes/VersionedModelRoute.Mongo.test.ts" name="VersionedModelRoute Tests [MongoDB] &gt; Single Document Tests [MongoDB] &gt; Can create additional version of same document. [MongoDB]" time="0.0050076">
        </testcase>
        <testcase classname="test/routes/VersionedModelRoute.Mongo.test.ts" name="VersionedModelRoute Tests [MongoDB] &gt; Single Document Tests [MongoDB] &gt; Can delete document. [MongoDB]" time="0.0057344">
        </testcase>
        <testcase classname="test/routes/VersionedModelRoute.Mongo.test.ts" name="VersionedModelRoute Tests [MongoDB] &gt; Single Document Tests [MongoDB] &gt; Can purge document. [MongoDB]" time="0.0070298">
        </testcase>
        <testcase classname="test/routes/VersionedModelRoute.Mongo.test.ts" name="VersionedModelRoute Tests [MongoDB] &gt; Single Document Tests [MongoDB] &gt; Can delete document with multiple versions. [MongoDB]" time="0.0046032">
        </testcase>
        <testcase classname="test/routes/VersionedModelRoute.Mongo.test.ts" name="VersionedModelRoute Tests [MongoDB] &gt; Single Document Tests [MongoDB] &gt; Can purge document with multiple versions. [MongoDB]" time="0.0049428">
        </testcase>
        <testcase classname="test/routes/VersionedModelRoute.Mongo.test.ts" name="VersionedModelRoute Tests [MongoDB] &gt; Single Document Tests [MongoDB] &gt; Can delete document with specific version. [MongoDB]" time="0.0054061">
        </testcase>
        <testcase classname="test/routes/VersionedModelRoute.Mongo.test.ts" name="VersionedModelRoute Tests [MongoDB] &gt; Single Document Tests [MongoDB] &gt; Can purge document with specific version. [MongoDB]" time="0.008473">
        </testcase>
        <testcase classname="test/routes/VersionedModelRoute.Mongo.test.ts" name="VersionedModelRoute Tests [MongoDB] &gt; Single Document Tests [MongoDB] &gt; Can find document by id. [MongoDB]" time="0.0041535">
        </testcase>
        <testcase classname="test/routes/VersionedModelRoute.Mongo.test.ts" name="VersionedModelRoute Tests [MongoDB] &gt; Single Document Tests [MongoDB] &gt; Can find document by id and version. [MongoDB]" time="0.0038996">
        </testcase>
        <testcase classname="test/routes/VersionedModelRoute.Mongo.test.ts" name="VersionedModelRoute Tests [MongoDB] &gt; Single Document Tests [MongoDB] &gt; Can update document. [MongoDB]" time="0.0050585">
        </testcase>
        <testcase classname="test/routes/VersionedModelRoute.Mongo.test.ts" name="VersionedModelRoute Tests [MongoDB] &gt; Multiple Document Tests [MongoDB] &gt; Can count documents. [MongoDB]" time="0.0088944">
        </testcase>
        <testcase classname="test/routes/VersionedModelRoute.Mongo.test.ts" name="VersionedModelRoute Tests [MongoDB] &gt; Multiple Document Tests [MongoDB] &gt; Can count documents with multiple versions. [MongoDB]" time="0.0184881">
        </testcase>
        <testcase classname="test/routes/VersionedModelRoute.Mongo.test.ts" name="VersionedModelRoute Tests [MongoDB] &gt; Multiple Document Tests [MongoDB] &gt; Can count documents with criteria (eq). [MongoDB]" time="0.0110438">
        </testcase>
        <testcase classname="test/routes/VersionedModelRoute.Mongo.test.ts" name="VersionedModelRoute Tests [MongoDB] &gt; Multiple Document Tests [MongoDB] &gt; Can find all documents. [MongoDB]" time="0.0149203">
        </testcase>
        <testcase classname="test/routes/VersionedModelRoute.Mongo.test.ts" name="VersionedModelRoute Tests [MongoDB] &gt; Multiple Document Tests [MongoDB] &gt; Can find all documents with multiple versions. [MongoDB]" time="0.027051">
        </testcase>
        <testcase classname="test/routes/VersionedModelRoute.Mongo.test.ts" name="VersionedModelRoute Tests [MongoDB] &gt; Multiple Document Tests [MongoDB] &gt; Can find documents with criteria (eq) [MongoDB]." time="0.0150967">
        </testcase>
        <testcase classname="test/routes/VersionedModelRoute.Mongo.test.ts" name="VersionedModelRoute Tests [MongoDB] &gt; Multiple Document Tests [MongoDB] &gt; Can truncate datastore [MongoDB]." time="0.015205">
        </testcase>
    </testsuite>
    <testsuite name="test/security/ACLRouteMongo.test.ts" timestamp="2026-07-11T04:02:55.111Z" hostname="Jane" tests="17" failures="0" errors="0" skipped="0" time="0.9010495">
        <testcase classname="test/security/ACLRouteMongo.test.ts" name="ACLRouteMongo Tests &gt; Can create ACL document." time="0.0205007">
        </testcase>
        <testcase classname="test/security/ACLRouteMongo.test.ts" name="ACLRouteMongo Tests &gt; Cannot create ACL document as non-admin." time="0.0058607">
            <system-out>
2026-07-11T04:02:01.121Z [34mdebug[39m: User does not have permission to perform this action.

            </system-out>
        </testcase>
        <testcase classname="test/security/ACLRouteMongo.test.ts" name="ACLRouteMongo Tests &gt; Cannot create ACL document as anonymous." time="0.0027653">
            <system-out>
2026-07-11T04:02:01.127Z [34mdebug[39m: Authorization is required to access this resource.

            </system-out>
        </testcase>
        <testcase classname="test/security/ACLRouteMongo.test.ts" name="ACLRouteMongo Tests &gt; Can delete ACL document." time="0.0069818">
        </testcase>
        <testcase classname="test/security/ACLRouteMongo.test.ts" name="ACLRouteMongo Tests &gt; Cannot delete a default_ ACL document." time="0.0068087">
            <system-out>
2026-07-11T04:02:01.137Z [34mdebug[39m: User does not have permission to perform this action.

            </system-out>
        </testcase>
        <testcase classname="test/security/ACLRouteMongo.test.ts" name="ACLRouteMongo Tests &gt; Cannot delete ACL document as non-admin." time="0.0032358">
            <system-out>
2026-07-11T04:02:01.144Z [34mdebug[39m: User does not have permission to perform this action.

            </system-out>
        </testcase>
        <testcase classname="test/security/ACLRouteMongo.test.ts" name="ACLRouteMongo Tests &gt; Cannot delete ACL document as anonymous." time="0.0025549">
            <system-out>
2026-07-11T04:02:01.146Z [34mdebug[39m: Authorization is required to access this resource.

            </system-out>
        </testcase>
        <testcase classname="test/security/ACLRouteMongo.test.ts" name="ACLRouteMongo Tests &gt; Can find ACL document by id." time="0.003196">
        </testcase>
        <testcase classname="test/security/ACLRouteMongo.test.ts" name="ACLRouteMongo Tests &gt; Can update ACL document." time="0.0072007">
        </testcase>
        <testcase classname="test/security/ACLRouteMongo.test.ts" name="ACLRouteMongo Tests &gt; Can update ACL document as non-admin with permission." time="0.0061231">
        </testcase>
        <testcase classname="test/security/ACLRouteMongo.test.ts" name="ACLRouteMongo Tests &gt; Cannot update ACL document as non-admin without permission." time="0.0031597">
            <system-out>
2026-07-11T04:02:01.167Z [34mdebug[39m: User does not have permission to perform this action.

            </system-out>
        </testcase>
        <testcase classname="test/security/ACLRouteMongo.test.ts" name="ACLRouteMongo Tests &gt; Cannot update ACL document as anonymous." time="0.0023094">
            <system-out>
2026-07-11T04:02:01.169Z [34mdebug[39m: Authorization is required to access this resource.

            </system-out>
        </testcase>
        <testcase classname="test/security/ACLRouteMongo.test.ts" name="ACLRouteMongo Tests &gt; Cannot update default_ ACL document." time="0.0023487">
            <system-out>
2026-07-11T04:02:01.171Z [34mdebug[39m: User does not have permission to perform this action.

            </system-out>
        </testcase>
        <testcase classname="test/security/ACLRouteMongo.test.ts" name="ACLRouteMongo Tests &gt; Can count ACL documents." time="0.0055092">
        </testcase>
        <testcase classname="test/security/ACLRouteMongo.test.ts" name="ACLRouteMongo Tests &gt; Can count ACL documents with criteria (eq)." time="0.0069441">
        </testcase>
        <testcase classname="test/security/ACLRouteMongo.test.ts" name="ACLRouteMongo Tests &gt; Can find all ACL documents." time="0.0079384">
        </testcase>
        <testcase classname="test/security/ACLRouteMongo.test.ts" name="ACLRouteMongo Tests &gt; Can find ACL documents with criteria (eq)." time="0.0070041">
        </testcase>
    </testsuite>
    <testsuite name="test/security/ACLRouteSQL.test.ts" timestamp="2026-07-11T04:02:55.113Z" hostname="Jane" tests="17" failures="0" errors="0" skipped="0" time="0.8234141">
        <testcase classname="test/security/ACLRouteSQL.test.ts" name="ACLRouteSQL Tests &gt; Can create ACL document." time="0.0240257">
        </testcase>
        <testcase classname="test/security/ACLRouteSQL.test.ts" name="ACLRouteSQL Tests &gt; Cannot create ACL document as non-admin." time="0.0110735">
            <system-out>
2026-07-11T04:02:36.009Z [34mdebug[39m: User does not have permission to perform this action.

            </system-out>
        </testcase>
        <testcase classname="test/security/ACLRouteSQL.test.ts" name="ACLRouteSQL Tests &gt; Cannot create ACL document as anonymous." time="0.0029263">
            <system-out>
2026-07-11T04:02:36.015Z [34mdebug[39m: Authorization is required to access this resource.

            </system-out>
        </testcase>
        <testcase classname="test/security/ACLRouteSQL.test.ts" name="ACLRouteSQL Tests &gt; Can delete ACL document." time="0.0088093">
        </testcase>
        <testcase classname="test/security/ACLRouteSQL.test.ts" name="ACLRouteSQL Tests &gt; Cannot delete a default_ ACL document." time="0.0024945">
            <system-out>
2026-07-11T04:02:36.027Z [34mdebug[39m: User does not have permission to perform this action.

            </system-out>
        </testcase>
        <testcase classname="test/security/ACLRouteSQL.test.ts" name="ACLRouteSQL Tests &gt; Cannot delete ACL document as non-admin." time="0.0052543">
            <system-out>
2026-07-11T04:02:36.032Z [34mdebug[39m: User does not have permission to perform this action.

            </system-out>
        </testcase>
        <testcase classname="test/security/ACLRouteSQL.test.ts" name="ACLRouteSQL Tests &gt; Cannot delete ACL document as anonymous." time="0.0093222">
            <system-out>
2026-07-11T04:02:36.041Z [34mdebug[39m: Authorization is required to access this resource.

            </system-out>
        </testcase>
        <testcase classname="test/security/ACLRouteSQL.test.ts" name="ACLRouteSQL Tests &gt; Can find ACL document by id." time="0.007163">
        </testcase>
        <testcase classname="test/security/ACLRouteSQL.test.ts" name="ACLRouteSQL Tests &gt; Can update ACL document." time="0.0115522">
        </testcase>
        <testcase classname="test/security/ACLRouteSQL.test.ts" name="ACLRouteSQL Tests &gt; Can update ACL document as non-admin with permission." time="0.0106831">
        </testcase>
        <testcase classname="test/security/ACLRouteSQL.test.ts" name="ACLRouteSQL Tests &gt; Cannot update ACL document as non-admin without permission." time="0.0066539">
            <system-out>
2026-07-11T04:02:36.078Z [34mdebug[39m: User does not have permission to perform this action.

            </system-out>
        </testcase>
        <testcase classname="test/security/ACLRouteSQL.test.ts" name="ACLRouteSQL Tests &gt; Cannot update ACL document as anonymous." time="0.0116243">
            <system-out>
2026-07-11T04:02:36.089Z [34mdebug[39m: Authorization is required to access this resource.

            </system-out>
        </testcase>
        <testcase classname="test/security/ACLRouteSQL.test.ts" name="ACLRouteSQL Tests &gt; Cannot update default_ ACL document." time="0.0045376">
            <system-out>
2026-07-11T04:02:36.094Z [34mdebug[39m: User does not have permission to perform this action.

            </system-out>
        </testcase>
        <testcase classname="test/security/ACLRouteSQL.test.ts" name="ACLRouteSQL Tests &gt; Can count ACL documents." time="0.0188183">
        </testcase>
        <testcase classname="test/security/ACLRouteSQL.test.ts" name="ACLRouteSQL Tests &gt; Can count ACL documents with criteria (eq)." time="0.048218">
        </testcase>
        <testcase classname="test/security/ACLRouteSQL.test.ts" name="ACLRouteSQL Tests &gt; Can find all ACL documents." time="0.0209632">
        </testcase>
        <testcase classname="test/security/ACLRouteSQL.test.ts" name="ACLRouteSQL Tests &gt; Can find ACL documents with criteria (eq)." time="0.0449426">
        </testcase>
    </testsuite>
    <testsuite name="test/security/ACLUtils.test.ts" timestamp="2026-07-11T04:02:55.115Z" hostname="Jane" tests="19" failures="0" errors="0" skipped="0" time="0.5661116">
        <testcase classname="test/security/ACLUtils.test.ts" name="ACLUtils Tests &gt; MongoDB Tests &gt; Can find ACL identified by uuid." time="0.0066817">
        </testcase>
        <testcase classname="test/security/ACLUtils.test.ts" name="ACLUtils Tests &gt; MongoDB Tests &gt; Can find ACL identified by URL pattern." time="0.0036008">
        </testcase>
        <testcase classname="test/security/ACLUtils.test.ts" name="ACLUtils Tests &gt; MongoDB Tests &gt; Can find ACL identified by role name." time="0.0029219">
        </testcase>
        <testcase classname="test/security/ACLUtils.test.ts" name="ACLUtils Tests &gt; MongoDB Tests &gt; Can find ACL with circular dependencies." time="0.0053963">
        </testcase>
        <testcase classname="test/security/ACLUtils.test.ts" name="ACLUtils Tests &gt; MongoDB Tests &gt; Can get record for anonymous user." time="0.0061556">
        </testcase>
        <testcase classname="test/security/ACLUtils.test.ts" name="ACLUtils Tests &gt; MongoDB Tests &gt; Can get record for user by uid." time="0.0038628">
        </testcase>
        <testcase classname="test/security/ACLUtils.test.ts" name="ACLUtils Tests &gt; MongoDB Tests &gt; Can get record for admin user." time="0.0065262">
        </testcase>
        <testcase classname="test/security/ACLUtils.test.ts" name="ACLUtils Tests &gt; MongoDB Tests &gt; Can get record for non-admin user." time="0.0029281">
        </testcase>
        <testcase classname="test/security/ACLUtils.test.ts" name="ACLUtils Tests &gt; MongoDB Tests &gt; Can&apos;t get record for invalid user." time="0.0029556">
        </testcase>
        <testcase classname="test/security/ACLUtils.test.ts" name="ACLUtils Tests &gt; MongoDB Tests &gt; Can populate parent." time="0.0026739">
        </testcase>
        <testcase classname="test/security/ACLUtils.test.ts" name="ACLUtils Tests &gt; MongoDB Tests &gt; Can populate parent with circular dependencies." time="0.0045431">
        </testcase>
        <testcase classname="test/security/ACLUtils.test.ts" name="ACLUtils Tests &gt; MongoDB Tests &gt; Can test permissions." time="0.0037777">
        </testcase>
        <testcase classname="test/security/ACLUtils.test.ts" name="ACLUtils Tests &gt; MongoDB Tests &gt; Can test permissions with string id." time="0.0063444">
        </testcase>
        <testcase classname="test/security/ACLUtils.test.ts" name="ACLUtils Tests &gt; MongoDB Tests &gt; Denies permission when no ACL record exists." time="0.0044938">
        </testcase>
        <testcase classname="test/security/ACLUtils.test.ts" name="ACLUtils Tests &gt; MongoDB Tests &gt; Can test request permissions." time="0.0061899">
        </testcase>
        <testcase classname="test/security/ACLUtils.test.ts" name="ACLUtils Tests &gt; MongoDB Tests &gt; Can save ACL" time="0.0050618">
        </testcase>
        <testcase classname="test/security/ACLUtils.test.ts" name="ACLUtils Tests &gt; MongoDB Tests &gt; Can update an existing ACL" time="0.005469">
        </testcase>
        <testcase classname="test/security/ACLUtils.test.ts" name="ACLUtils Tests &gt; MongoDB Tests &gt; Cannot update an existing ACL with incorrect version." time="0.0088708">
            <system-err>
Promise returned by `expect(actual).rejects.toThrow()` was not awaited. Vitest currently auto-awaits hanging assertions at the end of the test, but this will cause the test to fail in the next Vitest major. Please remember to await the assertion.
    at D:/github/rapidrest/service-core/test/security/ACLUtils.test.ts:758:46

            </system-err>
        </testcase>
        <testcase classname="test/security/ACLUtils.test.ts" name="ACLUtils Tests &gt; MongoDB Tests &gt; Ignores update if the ACL has no changes." time="0.0037908">
        </testcase>
    </testsuite>
</testsuites>
