<?xml version="1.0" encoding="UTF-8" ?>
<testsuites name="vitest tests" tests="1028" failures="0" errors="0" time="70.2079711">
    <testsuite name="test/BackgroundServiceManager.test.ts" timestamp="2026-08-15T01:38:21.553Z" hostname="Jane" tests="6" failures="0" errors="0" skipped="0" time="15.0911324">
        <testcase classname="test/BackgroundServiceManager.test.ts" name="BackgroundServiceManager Tests &gt; Can start/stop single background service." time="5.0266043">
            <system-out>
[D:/github/rapidrest/service-core/test/BackgroundServiceManager.test.ts] 2026-08-15T01:36:35.925Z [32minfo[39m: Registering class BackgroundServiceManager
[D:/github/rapidrest/service-core/test/BackgroundServiceManager.test.ts] 2026-08-15T01:36:35.930Z [34mdebug[39m: Creating new instance of class [BackgroundServiceManager] with name [BackgroundServiceManager:c6bc86b9-1a0f-4581-897d-2ff91667b0ed]

[BackgroundServiceManager.start] 2026-08-15T01:36:35.931Z [32minfo[39m: Starting service jobs.MyFirstService...
[BackgroundServiceManager.start] 2026-08-15T01:36:35.931Z [32minfo[39m: Registering class jobs.MyFirstService
[BackgroundServiceManager.start] 2026-08-15T01:36:35.932Z [34mdebug[39m: Creating new instance of class [jobs.MyFirstService] with name [jobs.MyFirstService]

[BackgroundServiceManager.stop] 2026-08-15T01:36:40.949Z [32minfo[39m: Stopping background service jobs.MyFirstService...

            </system-out>
        </testcase>
        <testcase classname="test/BackgroundServiceManager.test.ts" name="BackgroundServiceManager Tests &gt; Can start/stop multiple background services." time="5.004661">
            <system-out>
[D:/github/rapidrest/service-core/test/BackgroundServiceManager.test.ts] 2026-08-15T01:36:40.951Z [34mdebug[39m: Creating new instance of class [BackgroundServiceManager] with name [BackgroundServiceManager:7a5cbb53-c13b-42cc-aeed-e712e79bf7cd]

[BackgroundServiceManager.start] 2026-08-15T01:36:40.951Z [32minfo[39m: Starting service jobs.MyFirstService...

[BackgroundServiceManager.start] 2026-08-15T01:36:40.952Z [32minfo[39m: Starting service jobs.MySecondService...
[BackgroundServiceManager.start] 2026-08-15T01:36:40.952Z [32minfo[39m: Registering class jobs.MySecondService
[BackgroundServiceManager.start] 2026-08-15T01:36:40.952Z [34mdebug[39m: Creating new instance of class [jobs.MySecondService] with name [jobs.MySecondService]

[BackgroundServiceManager.start] 2026-08-15T01:36:40.953Z [32minfo[39m: Starting service jobs.MyThirdService...
[BackgroundServiceManager.start] 2026-08-15T01:36:40.953Z [32minfo[39m: Registering class jobs.MyThirdService
[BackgroundServiceManager.start] 2026-08-15T01:36:40.953Z [34mdebug[39m: Creating new instance of class [jobs.MyThirdService] with name [jobs.MyThirdService]

[BackgroundServiceManager.stop] 2026-08-15T01:36:45.954Z [32minfo[39m: Stopping background service jobs.MyFirstService...

[BackgroundServiceManager.stop] 2026-08-15T01:36:45.955Z [32minfo[39m: Stopping background service jobs.MySecondService...

            </system-out>
        </testcase>
        <testcase classname="test/BackgroundServiceManager.test.ts" name="BackgroundServiceManager Tests &gt; Does not re-instantiate a scheduled service that has already been started." time="0.0020067">
            <system-out>
[D:/github/rapidrest/service-core/test/BackgroundServiceManager.test.ts] 2026-08-15T01:36:45.955Z [34mdebug[39m: Creating new instance of class [BackgroundServiceManager] with name [BackgroundServiceManager:5c103a20-1b25-481f-b77a-cef9f72e1ddf]

[BackgroundServiceManager.start] 2026-08-15T01:36:45.956Z [32minfo[39m: Starting service test.RepeatStartService...
[BackgroundServiceManager.start] 2026-08-15T01:36:45.956Z [32minfo[39m: Registering class RepeatStartService
[BackgroundServiceManager.start] 2026-08-15T01:36:45.956Z [34mdebug[39m: Creating new instance of class [RepeatStartService] with name [test.RepeatStartService]

[BackgroundServiceManager.stop] 2026-08-15T01:36:45.957Z [32minfo[39m: Stopping background service test.RepeatStartService...

            </system-out>
        </testcase>
        <testcase classname="test/BackgroundServiceManager.test.ts" name="BackgroundServiceManager Tests &gt; Logs rather than crashes when a scheduled service&apos;s run() throws." time="1.510665">
            <system-out>
[D:/github/rapidrest/service-core/test/BackgroundServiceManager.test.ts] 2026-08-15T01:36:45.958Z [34mdebug[39m: Creating new instance of class [BackgroundServiceManager] with name [BackgroundServiceManager:8064073e-50a3-4ec9-8598-3d16bf89e6b3]

[BackgroundServiceManager.start] 2026-08-15T01:36:45.958Z [32minfo[39m: Starting service test.ThrowingRunService...
[BackgroundServiceManager.start] 2026-08-15T01:36:45.959Z [32minfo[39m: Registering class ThrowingRunService
[BackgroundServiceManager.start] 2026-08-15T01:36:45.959Z [34mdebug[39m: Creating new instance of class [ThrowingRunService] with name [test.ThrowingRunService]

[BackgroundServiceManager.&lt;anonymous&gt;] 2026-08-15T01:36:46.001Z [31merror[39m: Background service &apos;test.ThrowingRunService&apos; failed during a scheduled run.
[BackgroundServiceManager.&lt;anonymous&gt;] 2026-08-15T01:36:46.002Z [34mdebug[39m: run() always fails

[BackgroundServiceManager.&lt;anonymous&gt;] 2026-08-15T01:36:47.001Z [31merror[39m: Background service &apos;test.ThrowingRunService&apos; failed during a scheduled run.
[BackgroundServiceManager.&lt;anonymous&gt;] 2026-08-15T01:36:47.002Z [34mdebug[39m: run() always fails

[BackgroundServiceManager.stop] 2026-08-15T01:36:47.467Z [32minfo[39m: Stopping background service test.ThrowingRunService...

            </system-out>
        </testcase>
        <testcase classname="test/BackgroundServiceManager.test.ts" name="BackgroundServiceManager Tests &gt; Skips an overlapping scheduled run rather than executing run() concurrently." time="3.5137053">
            <system-out>
[D:/github/rapidrest/service-core/test/BackgroundServiceManager.test.ts] 2026-08-15T01:36:47.468Z [34mdebug[39m: Creating new instance of class [BackgroundServiceManager] with name [BackgroundServiceManager:77cfbdff-9791-442d-8e77-eb9274fa20c7]

[BackgroundServiceManager.start] 2026-08-15T01:36:47.469Z [32minfo[39m: Starting service test.SlowService...
[BackgroundServiceManager.start] 2026-08-15T01:36:47.469Z [32minfo[39m: Registering class SlowService
[BackgroundServiceManager.start] 2026-08-15T01:36:47.469Z [34mdebug[39m: Creating new instance of class [SlowService] with name [test.SlowService]

[BackgroundServiceManager.job] 2026-08-15T01:36:49.002Z [33mwarn[39m: Background service &apos;test.SlowService&apos; is still running from a previous scheduled tick; skipping this invocation to avoid an overlapping run.

[BackgroundServiceManager.job] 2026-08-15T01:36:50.014Z [33mwarn[39m: Background service &apos;test.SlowService&apos; is still running from a previous scheduled tick; skipping this invocation to avoid an overlapping run.

[BackgroundServiceManager.stop] 2026-08-15T01:36:50.981Z [32minfo[39m: Stopping background service test.SlowService...

            </system-out>
        </testcase>
        <testcase classname="test/BackgroundServiceManager.test.ts" name="BackgroundServiceManager Tests &gt; Logs rather than crashes when a service fails to start." time="0.0036254">
            <system-out>
[D:/github/rapidrest/service-core/test/BackgroundServiceManager.test.ts] 2026-08-15T01:36:50.982Z [34mdebug[39m: Creating new instance of class [BackgroundServiceManager] with name [BackgroundServiceManager:b3875aa9-5bd2-45a9-bbfe-244d39bdb68f]

[BackgroundServiceManager.start] 2026-08-15T01:36:50.982Z [32minfo[39m: Starting service test.FailingStartService...
[BackgroundServiceManager.start] 2026-08-15T01:36:50.983Z [32minfo[39m: Registering class FailingStartService
[BackgroundServiceManager.start] 2026-08-15T01:36:50.983Z [34mdebug[39m: Creating new instance of class [FailingStartService] with name [test.FailingStartService]

[BackgroundServiceManager.start] 2026-08-15T01:36:50.984Z [31merror[39m: Failed to start service: test.FailingStartService
[BackgroundServiceManager.start] 2026-08-15T01:36:50.984Z [34mdebug[39m: start() always fails

            </system-out>
        </testcase>
    </testsuite>
    <testsuite name="test/DatabaseDecorators.test.ts" timestamp="2026-08-15T01:38:21.558Z" hostname="Jane" tests="3" failures="0" errors="0" skipped="0" time="0.0069952">
        <testcase classname="test/DatabaseDecorators.test.ts" name="DatabaseDecorators Tests &gt; @Repository stores the entity type as metadata and defines an undefined property" time="0.0053994">
        </testcase>
        <testcase classname="test/DatabaseDecorators.test.ts" name="DatabaseDecorators Tests &gt; @MongoRepository stores the entity type as metadata and defines an undefined property" time="0.0002246">
        </testcase>
        <testcase classname="test/DatabaseDecorators.test.ts" name="DatabaseDecorators Tests &gt; @RedisConnection stores the connection name as metadata and defines an undefined property" time="0.0001977">
        </testcase>
    </testsuite>
    <testsuite name="test/DocDecorators.test.ts" timestamp="2026-08-15T01:38:21.559Z" hostname="Jane" tests="15" failures="0" errors="0" skipped="0" time="0.0091308">
        <testcase classname="test/DocDecorators.test.ts" name="DocDecorators Tests &gt; Document and its shorthands &gt; stores class-level doc metadata when applied to a class" time="0.0026284">
        </testcase>
        <testcase classname="test/DocDecorators.test.ts" name="DocDecorators Tests &gt; Document and its shorthands &gt; merges repeated @Document calls on the same target instead of overwriting" time="0.0002479">
        </testcase>
        <testcase classname="test/DocDecorators.test.ts" name="DocDecorators Tests &gt; Document and its shorthands &gt; @Default stores a default value under property-level doc metadata" time="0.0003041">
        </testcase>
        <testcase classname="test/DocDecorators.test.ts" name="DocDecorators Tests &gt; Document and its shorthands &gt; @Description stores a description" time="0.0001542">
        </testcase>
        <testcase classname="test/DocDecorators.test.ts" name="DocDecorators Tests &gt; Document and its shorthands &gt; @Example stores an example value" time="0.0001803">
        </testcase>
        <testcase classname="test/DocDecorators.test.ts" name="DocDecorators Tests &gt; Document and its shorthands &gt; @Format stores a format string" time="0.0002284">
        </testcase>
        <testcase classname="test/DocDecorators.test.ts" name="DocDecorators Tests &gt; Document and its shorthands &gt; @Summary stores a summary" time="0.0001735">
        </testcase>
        <testcase classname="test/DocDecorators.test.ts" name="DocDecorators Tests &gt; Document and its shorthands &gt; @Tags stores a list of searchable tags" time="0.0001766">
        </testcase>
        <testcase classname="test/DocDecorators.test.ts" name="DocDecorators Tests &gt; Document and its shorthands &gt; combines multiple doc decorators stacked on the same property" time="0.0030727">
        </testcase>
        <testcase classname="test/DocDecorators.test.ts" name="DocDecorators Tests &gt; @Returns &gt; defaults to the reflected design:type when called with no argument" time="0.0001537">
        </testcase>
        <testcase classname="test/DocDecorators.test.ts" name="DocDecorators Tests &gt; @Returns &gt; wraps a single non-array type argument in an array" time="0.0001252">
        </testcase>
        <testcase classname="test/DocDecorators.test.ts" name="DocDecorators Tests &gt; @Returns &gt; leaves an already-array type argument as-is" time="0.0001163">
        </testcase>
        <testcase classname="test/DocDecorators.test.ts" name="DocDecorators Tests &gt; @TypeInfo / getTypeInfo &gt; stores a single non-array type wrapped in an array" time="0.0001741">
        </testcase>
        <testcase classname="test/DocDecorators.test.ts" name="DocDecorators Tests &gt; @TypeInfo / getTypeInfo &gt; falls back to design:type when called with no argument" time="0.0001195">
        </testcase>
        <testcase classname="test/DocDecorators.test.ts" name="DocDecorators Tests &gt; @TypeInfo / getTypeInfo &gt; getTypeInfo falls back to design:type when @TypeInfo was never applied" time="0.0000872">
        </testcase>
    </testsuite>
    <testsuite name="test/EventDecorators.test.ts" timestamp="2026-08-15T01:38:21.561Z" hostname="Jane" tests="2" failures="0" errors="0" skipped="0" time="0.0037441">
        <testcase classname="test/EventDecorators.test.ts" name="EventDecorators Tests &gt; @OnEvent &gt; stores the given type(s) as metadata on the method" time="0.0023665">
        </testcase>
        <testcase classname="test/EventDecorators.test.ts" name="EventDecorators Tests &gt; @EventListener &gt; marks the class as an auto-registered event listener" time="0.000249">
        </testcase>
    </testsuite>
    <testsuite name="test/EventListenerManager.test.ts" timestamp="2026-08-15T01:38:21.562Z" hostname="Jane" tests="16" failures="0" errors="0" skipped="0" time="0.0323143">
        <testcase classname="test/EventListenerManager.test.ts" name="EventListenerManager Tests &gt; subscribes to the configured channels and registers a message handler" time="0.0038281">
        </testcase>
        <testcase classname="test/EventListenerManager.test.ts" name="EventListenerManager Tests &gt; logs and continues when the redis subscribe call fails" time="0.0102242">
            <system-out>
[EventListenerManager.init] 2026-08-15T01:38:03.129Z [31merror[39m: EventManager: Failed to subscribe to pubsub channels: 
[EventListenerManager.init] 2026-08-15T01:38:03.134Z [34mdebug[39m: boom

            </system-out>
        </testcase>
        <testcase classname="test/EventListenerManager.test.ts" name="EventListenerManager Tests &gt; dispatches parsed events to handlers whose type matches" time="0.0009241">
        </testcase>
        <testcase classname="test/EventListenerManager.test.ts" name="EventListenerManager Tests &gt; logs and continues when the incoming message cannot be parsed" time="0.0049714">
            <system-out>
[cb] 2026-08-15T01:38:03.136Z [31merror[39m: EventManager: Received event but could not parse it.
[cb] 2026-08-15T01:38:03.140Z [34mdebug[39m: EventManager: Channel=channel1, Event=not-json, Error=SyntaxError: Unexpected token &apos;o&apos;, &quot;not-json&quot; is not valid JSON

            </system-out>
        </testcase>
        <testcase classname="test/EventListenerManager.test.ts" name="EventListenerManager Tests &gt; logs and continues when a well-formed event has no valid type field" time="0.0009433">
            <system-out>
[EventListenerManager.onEvent] 2026-08-15T01:38:03.141Z [31merror[39m: EventManager: Received event with no valid type; ignoring.

            </system-out>
        </testcase>
        <testcase classname="test/EventListenerManager.test.ts" name="EventListenerManager Tests &gt; isolates a handler that throws synchronously so other handlers still run" time="0.0011658">
            <system-out>
[EventListenerManager.onEvent] 2026-08-15T01:38:03.142Z [31merror[39m: EventManager: An event handler threw while processing an event.
[EventListenerManager.onEvent] 2026-08-15T01:38:03.142Z [34mdebug[39m: handler boom

            </system-out>
        </testcase>
        <testcase classname="test/EventListenerManager.test.ts" name="EventListenerManager Tests &gt; does not produce an unhandled rejection when an async handler rejects" time="0.0011325">
            <system-out>
[D:/github/rapidrest/service-core/src/EventListenerManager.ts] 2026-08-15T01:38:03.143Z [31merror[39m: EventManager: An event handler rejected while processing an event.
[D:/github/rapidrest/service-core/src/EventListenerManager.ts] 2026-08-15T01:38:03.143Z [34mdebug[39m: async handler boom

            </system-out>
        </testcase>
        <testcase classname="test/EventListenerManager.test.ts" name="EventListenerManager Tests &gt; does not register the same method twice when walking the prototype chain" time="0.0004695">
        </testcase>
        <testcase classname="test/EventListenerManager.test.ts" name="EventListenerManager Tests &gt; does not add the exact same handler function twice for a given event" time="0.0003141">
        </testcase>
        <testcase classname="test/EventListenerManager.test.ts" name="EventListenerManager Tests &gt; adds a second distinct handler for an event that already has one registered" time="0.0002465">
        </testcase>
        <testcase classname="test/EventListenerManager.test.ts" name="EventListenerManager Tests &gt; instantiates and registers @EventListener classes found in the ObjectFactory" time="0.0009293">
            <system-out>
[EventListenerManager.init] 2026-08-15T01:38:03.145Z [34mdebug[39m: Creating new instance of class [AutoHandler] with name [AutoHandler:default]

            </system-out>
        </testcase>
        <testcase classname="test/EventListenerManager.test.ts" name="EventListenerManager Tests &gt; skips classes without the @EventListener decorator" time="0.000307">
        </testcase>
        <testcase classname="test/EventListenerManager.test.ts" name="EventListenerManager Tests &gt; skips @EventListener classes whose constructor requires arguments" time="0.0003174">
        </testcase>
        <testcase classname="test/EventListenerManager.test.ts" name="EventListenerManager Tests &gt; logs and continues when instantiating an @EventListener class throws" time="0.0045121">
            <system-out>
[EventListenerManager.init] 2026-08-15T01:38:03.147Z [34mdebug[39m: Creating new instance of class [Throws] with name [Throws:default]
[EventListenerManager.init] 2026-08-15T01:38:03.147Z [34mdebug[39m: EventListeners: Unable to process class[class Throws {
            constructor(){
                throw new Error(&quot;construction failed&quot;);
            }
        }], Error=Error: construction failed

            </system-out>
        </testcase>
        <testcase classname="test/EventListenerManager.test.ts" name="EventListenerManager Tests &gt; registers existing instances found in the ObjectFactory" time="0.0004294">
        </testcase>
        <testcase classname="test/EventListenerManager.test.ts" name="EventListenerManager Tests &gt; unsubscribes and clears handlers on destroy" time="0.0003705">
        </testcase>
    </testsuite>
    <testsuite name="test/ModelDecorators.test.ts" timestamp="2026-08-15T01:38:21.565Z" hostname="Jane" tests="5" failures="0" errors="0" skipped="0" time="0.004">
        <testcase classname="test/ModelDecorators.test.ts" name="ModelDecorators Tests &gt; @Protect &gt; defaults the classACL uid to the class name when no uid is provided" time="0.0017524">
        </testcase>
        <testcase classname="test/ModelDecorators.test.ts" name="ModelDecorators Tests &gt; @Protect &gt; preserves a caller-supplied uid instead of defaulting to the class name" time="0.0001338">
        </testcase>
        <testcase classname="test/ModelDecorators.test.ts" name="ModelDecorators Tests &gt; @Protect &gt; does not mutate a shared ACL template&apos;s uid when applied to more than one class" time="0.000156">
        </testcase>
        <testcase classname="test/ModelDecorators.test.ts" name="ModelDecorators Tests &gt; @Shard &gt; stores the default shard config as both class metadata and a static property when applied with no arguments" time="0.000682">
        </testcase>
        <testcase classname="test/ModelDecorators.test.ts" name="ModelDecorators Tests &gt; @Shard &gt; stores a caller-supplied shard config" time="0.00013">
        </testcase>
    </testsuite>
    <testsuite name="test/ModelUtils.test.ts" timestamp="2026-08-15T01:38:21.570Z" hostname="Jane" tests="97" failures="0" errors="0" skipped="0" time="0.0293952">
        <testcase classname="test/ModelUtils.test.ts" name="ModelUtils Tests &gt; MongoDB Tests &gt; Can build id search query with single identifier." time="0.0016853">
        </testcase>
        <testcase classname="test/ModelUtils.test.ts" name="ModelUtils Tests &gt; MongoDB Tests &gt; Can build id search query with single identifier and version." time="0.000145">
        </testcase>
        <testcase classname="test/ModelUtils.test.ts" name="ModelUtils Tests &gt; MongoDB Tests &gt; Can build id search query with single identifier and version 0." time="0.0001019">
        </testcase>
        <testcase classname="test/ModelUtils.test.ts" name="ModelUtils Tests &gt; MongoDB Tests &gt; Can build id search query with multiple identifiers." time="0.0001572">
        </testcase>
        <testcase classname="test/ModelUtils.test.ts" name="ModelUtils Tests &gt; MongoDB Tests &gt; Can build id search query with multiple identifiers and version." time="0.0001049">
        </testcase>
        <testcase classname="test/ModelUtils.test.ts" name="ModelUtils Tests &gt; MongoDB Tests &gt; Can build id search query with multiple identifiers and values." time="0.0001098">
        </testcase>
        <testcase classname="test/ModelUtils.test.ts" name="ModelUtils Tests &gt; MongoDB Tests &gt; Can build id search query with multiple identifiers and values and version." time="0.0000972">
        </testcase>
        <testcase classname="test/ModelUtils.test.ts" name="ModelUtils Tests &gt; MongoDB Tests &gt; Includes soft-deleted records in an id search query by default." time="0.0003931">
        </testcase>
        <testcase classname="test/ModelUtils.test.ts" name="ModelUtils Tests &gt; MongoDB Tests &gt; Excludes soft-deleted records from an id search query when includeDeleted is false." time="0.0001418">
        </testcase>
        <testcase classname="test/ModelUtils.test.ts" name="ModelUtils Tests &gt; MongoDB Tests &gt; Does not filter by `deleted` for a non-recoverable model." time="0.0001069">
        </testcase>
        <testcase classname="test/ModelUtils.test.ts" name="ModelUtils Tests &gt; MongoDB Tests &gt; Can build search query with sort (default)." time="0.0004378">
        </testcase>
        <testcase classname="test/ModelUtils.test.ts" name="ModelUtils Tests &gt; MongoDB Tests &gt; Can build search query with sort (desc)." time="0.0001325">
        </testcase>
        <testcase classname="test/ModelUtils.test.ts" name="ModelUtils Tests &gt; MongoDB Tests &gt; Can build search query with sort (desc as object)." time="0.0001003">
        </testcase>
        <testcase classname="test/ModelUtils.test.ts" name="ModelUtils Tests &gt; MongoDB Tests &gt; Skips (rather than throws for) a sort value that is neither a number nor a string." time="0.0000974">
        </testcase>
        <testcase classname="test/ModelUtils.test.ts" name="ModelUtils Tests &gt; MongoDB Tests &gt; Resolves the &apos;me&apos; keyword to the requesting user&apos;s uid." time="0.0002884">
        </testcase>
        <testcase classname="test/ModelUtils.test.ts" name="ModelUtils Tests &gt; MongoDB Tests &gt; Rejects the &apos;me&apos; keyword when there is no authenticated user to resolve it against." time="0.0005775">
        </testcase>
        <testcase classname="test/ModelUtils.test.ts" name="ModelUtils Tests &gt; MongoDB Tests &gt; Can build search query with single param (default)" time="0.0001527">
        </testcase>
        <testcase classname="test/ModelUtils.test.ts" name="ModelUtils Tests &gt; MongoDB Tests &gt; Can build search query with single param of int type default" time="0.0001628">
        </testcase>
        <testcase classname="test/ModelUtils.test.ts" name="ModelUtils Tests &gt; MongoDB Tests &gt; Can build search query with single param of boolean type (default)" time="0.0001055">
        </testcase>
        <testcase classname="test/ModelUtils.test.ts" name="ModelUtils Tests &gt; MongoDB Tests &gt; Can build search query with single param of date type (default)" time="0.0000956">
        </testcase>
        <testcase classname="test/ModelUtils.test.ts" name="ModelUtils Tests &gt; MongoDB Tests &gt; Can build search query with single param (eq)" time="0.0000977">
        </testcase>
        <testcase classname="test/ModelUtils.test.ts" name="ModelUtils Tests &gt; MongoDB Tests &gt; Can build search query with single param of boolean type (eq)" time="0.0000825">
        </testcase>
        <testcase classname="test/ModelUtils.test.ts" name="ModelUtils Tests &gt; MongoDB Tests &gt; Can build search query with single param of number type (eq)" time="0.0000863">
        </testcase>
        <testcase classname="test/ModelUtils.test.ts" name="ModelUtils Tests &gt; MongoDB Tests &gt; Can build search query with single param (gt)" time="0.0001058">
        </testcase>
        <testcase classname="test/ModelUtils.test.ts" name="ModelUtils Tests &gt; MongoDB Tests &gt; Can build search query with single param of date type (gt)" time="0.0001061">
        </testcase>
        <testcase classname="test/ModelUtils.test.ts" name="ModelUtils Tests &gt; MongoDB Tests &gt; Can build search query with single param (gte)" time="0.0000952">
        </testcase>
        <testcase classname="test/ModelUtils.test.ts" name="ModelUtils Tests &gt; MongoDB Tests &gt; Can build search query with single param (in)" time="0.0001197">
        </testcase>
        <testcase classname="test/ModelUtils.test.ts" name="ModelUtils Tests &gt; MongoDB Tests &gt; Can build search query with single param (ILike)" time="0.0001846">
        </testcase>
        <testcase classname="test/ModelUtils.test.ts" name="ModelUtils Tests &gt; MongoDB Tests &gt; Rejects a $-prefixed query parameter key." time="0.0001404">
        </testcase>
        <testcase classname="test/ModelUtils.test.ts" name="ModelUtils Tests &gt; MongoDB Tests &gt; Rejects a dot-notation query parameter key." time="0.0001254">
        </testcase>
        <testcase classname="test/ModelUtils.test.ts" name="ModelUtils Tests &gt; MongoDB Tests &gt; Rejects a Mongo operator hidden inside an eq() value." time="0.0001582">
        </testcase>
        <testcase classname="test/ModelUtils.test.ts" name="ModelUtils Tests &gt; MongoDB Tests &gt; Rejects a Mongo operator hidden inside a bare JSON value." time="0.0001391">
        </testcase>
        <testcase classname="test/ModelUtils.test.ts" name="ModelUtils Tests &gt; MongoDB Tests &gt; Rejects a Mongo operator supplied as an already-parsed object value, not an op(value) string." time="0.000117">
        </testcase>
        <testcase classname="test/ModelUtils.test.ts" name="ModelUtils Tests &gt; MongoDB Tests &gt; Rejects a Mongo operator nested inside an already-parsed array value." time="0.0001378">
        </testcase>
        <testcase classname="test/ModelUtils.test.ts" name="ModelUtils Tests &gt; MongoDB Tests &gt; Still allows an already-parsed plain object/array value with no hidden operator." time="0.0000999">
        </testcase>
        <testcase classname="test/ModelUtils.test.ts" name="ModelUtils Tests &gt; MongoDB Tests &gt; Rejects a Mongo operator hidden inside a range() value." time="0.0001309">
        </testcase>
        <testcase classname="test/ModelUtils.test.ts" name="ModelUtils Tests &gt; MongoDB Tests &gt; Still allows the framework&apos;s own $gt/$lt/$in/etc. operators built from op(value) syntax." time="0.0001065">
        </testcase>
        <testcase classname="test/ModelUtils.test.ts" name="ModelUtils Tests &gt; MongoDB Tests &gt; Rejects a ReDoS-shaped like() pattern (nested quantifiers)." time="0.0002122">
        </testcase>
        <testcase classname="test/ModelUtils.test.ts" name="ModelUtils Tests &gt; MongoDB Tests &gt; Rejects an overly long like() pattern." time="0.0001417">
        </testcase>
        <testcase classname="test/ModelUtils.test.ts" name="ModelUtils Tests &gt; MongoDB Tests &gt; Can build search query with single param (lt)" time="0.0001051">
        </testcase>
        <testcase classname="test/ModelUtils.test.ts" name="ModelUtils Tests &gt; MongoDB Tests &gt; Can build search query with single param (lte)" time="0.0000959">
        </testcase>
        <testcase classname="test/ModelUtils.test.ts" name="ModelUtils Tests &gt; MongoDB Tests &gt; Can build search query with single param (not)" time="0.0001227">
        </testcase>
        <testcase classname="test/ModelUtils.test.ts" name="ModelUtils Tests &gt; MongoDB Tests &gt; Can build search query with single param (range)" time="0.0001007">
        </testcase>
        <testcase classname="test/ModelUtils.test.ts" name="ModelUtils Tests &gt; MongoDB Tests &gt; Rejects a range() value with anything other than exactly two arguments." time="0.0004654">
        </testcase>
        <testcase classname="test/ModelUtils.test.ts" name="ModelUtils Tests &gt; MongoDB Tests &gt; Falls back to raw strings for a range() whose bounds aren&apos;t valid JSON." time="0.0001578">
        </testcase>
        <testcase classname="test/ModelUtils.test.ts" name="ModelUtils Tests &gt; MongoDB Tests &gt; Passes through the raw value for an unrecognized operator name." time="0.0001136">
        </testcase>
        <testcase classname="test/ModelUtils.test.ts" name="ModelUtils Tests &gt; MongoDB Tests &gt; Rejects a Mongo operator hidden inside an array-valued query param." time="0.000167">
        </testcase>
        <testcase classname="test/ModelUtils.test.ts" name="ModelUtils Tests &gt; MongoDB Tests &gt; Can build search query with multiple params." time="0.0001441">
        </testcase>
        <testcase classname="test/ModelUtils.test.ts" name="ModelUtils Tests &gt; MongoDB Tests &gt; Can build search query with multiple params with same name." time="0.0001742">
        </testcase>
        <testcase classname="test/ModelUtils.test.ts" name="ModelUtils Tests &gt; MongoDB Tests &gt; Can build search query with multiple params and with same name." time="0.0002008">
        </testcase>
        <testcase classname="test/ModelUtils.test.ts" name="ModelUtils Tests &gt; MongoDB Tests &gt; Can build search query and filter reserved words." time="0.000098">
        </testcase>
        <testcase classname="test/ModelUtils.test.ts" name="ModelUtils Tests &gt; MongoDB Tests &gt; Pads a shorter multi-valued param with its own last value instead of dropping it from extra OR branches." time="0.0001774">
        </testcase>
        <testcase classname="test/ModelUtils.test.ts" name="ModelUtils Tests &gt; MongoDB Tests &gt; Pads a shorter multi-valued param regardless of key order." time="0.0001854">
        </testcase>
        <testcase classname="test/ModelUtils.test.ts" name="ModelUtils Tests &gt; SQL Tests &gt; Resolves the &apos;me&apos; keyword to the requesting user&apos;s uid." time="0.0004376">
        </testcase>
        <testcase classname="test/ModelUtils.test.ts" name="ModelUtils Tests &gt; SQL Tests &gt; Rejects the &apos;me&apos; keyword when there is no authenticated user to resolve it against." time="0.0001276">
        </testcase>
        <testcase classname="test/ModelUtils.test.ts" name="ModelUtils Tests &gt; SQL Tests &gt; Throws when the `typeorm` peer dependency hasn&apos;t been provided via setTypeOrm()." time="0.000192">
        </testcase>
        <testcase classname="test/ModelUtils.test.ts" name="ModelUtils Tests &gt; SQL Tests &gt; Can build id search query with single identifier." time="0.0001543">
        </testcase>
        <testcase classname="test/ModelUtils.test.ts" name="ModelUtils Tests &gt; SQL Tests &gt; Can build id search query with single identifier and version." time="0.0000918">
        </testcase>
        <testcase classname="test/ModelUtils.test.ts" name="ModelUtils Tests &gt; SQL Tests &gt; Can build id search query with multiple identifiers and values." time="0.000151">
        </testcase>
        <testcase classname="test/ModelUtils.test.ts" name="ModelUtils Tests &gt; SQL Tests &gt; Includes soft-deleted records in an id search query by default." time="0.0001787">
        </testcase>
        <testcase classname="test/ModelUtils.test.ts" name="ModelUtils Tests &gt; SQL Tests &gt; Excludes soft-deleted records from an id search query when includeDeleted is false." time="0.0000908">
        </testcase>
        <testcase classname="test/ModelUtils.test.ts" name="ModelUtils Tests &gt; SQL Tests &gt; buildIdSearchQuery() dispatches to the SQL builder for a non-Mongo repo." time="0.0001184">
        </testcase>
        <testcase classname="test/ModelUtils.test.ts" name="ModelUtils Tests &gt; SQL Tests &gt; Can build search query with limit." time="0.0000979">
        </testcase>
        <testcase classname="test/ModelUtils.test.ts" name="ModelUtils Tests &gt; SQL Tests &gt; Can build search query with capped limit." time="0.0000858">
        </testcase>
        <testcase classname="test/ModelUtils.test.ts" name="ModelUtils Tests &gt; SQL Tests &gt; Can build search query with page." time="0.0000897">
        </testcase>
        <testcase classname="test/ModelUtils.test.ts" name="ModelUtils Tests &gt; SQL Tests &gt; Can build search query with sort (default)." time="0.0000963">
        </testcase>
        <testcase classname="test/ModelUtils.test.ts" name="ModelUtils Tests &gt; SQL Tests &gt; Can build search query with sort (desc)." time="0.0000967">
        </testcase>
        <testcase classname="test/ModelUtils.test.ts" name="ModelUtils Tests &gt; SQL Tests &gt; Can build search query with sort (desc as object)." time="0.0000759">
        </testcase>
        <testcase classname="test/ModelUtils.test.ts" name="ModelUtils Tests &gt; SQL Tests &gt; Can build search query with single param (default)" time="0.0001407">
        </testcase>
        <testcase classname="test/ModelUtils.test.ts" name="ModelUtils Tests &gt; SQL Tests &gt; Can build search query with single param of type boolean (default)" time="0.0000961">
        </testcase>
        <testcase classname="test/ModelUtils.test.ts" name="ModelUtils Tests &gt; SQL Tests &gt; Can build search query with single param of date type (default)" time="0.0001415">
        </testcase>
        <testcase classname="test/ModelUtils.test.ts" name="ModelUtils Tests &gt; SQL Tests &gt; Can build search query with single param of type number (default)" time="0.0001361">
        </testcase>
        <testcase classname="test/ModelUtils.test.ts" name="ModelUtils Tests &gt; SQL Tests &gt; Passes an already-non-string query value through as-is (e.g. a programmatically-built query)." time="0.0000863">
        </testcase>
        <testcase classname="test/ModelUtils.test.ts" name="ModelUtils Tests &gt; SQL Tests &gt; Can build search query with single param (eq)" time="0.0001057">
        </testcase>
        <testcase classname="test/ModelUtils.test.ts" name="ModelUtils Tests &gt; SQL Tests &gt; Can build search query with single param of type boolean (eq)" time="0.0000959">
        </testcase>
        <testcase classname="test/ModelUtils.test.ts" name="ModelUtils Tests &gt; SQL Tests &gt; Can build search query with single param of type number (eq)" time="0.0000911">
        </testcase>
        <testcase classname="test/ModelUtils.test.ts" name="ModelUtils Tests &gt; SQL Tests &gt; Can build search query with single param (gt)" time="0.0001254">
        </testcase>
        <testcase classname="test/ModelUtils.test.ts" name="ModelUtils Tests &gt; SQL Tests &gt; Can build search query with single param of date type (gt)" time="0.0001631">
        </testcase>
        <testcase classname="test/ModelUtils.test.ts" name="ModelUtils Tests &gt; SQL Tests &gt; Can build search query with single param (gte)" time="0.0001473">
        </testcase>
        <testcase classname="test/ModelUtils.test.ts" name="ModelUtils Tests &gt; SQL Tests &gt; Can build search query with single param (in)" time="0.0001205">
        </testcase>
        <testcase classname="test/ModelUtils.test.ts" name="ModelUtils Tests &gt; SQL Tests &gt; Can build search query with single param (ILike)" time="0.0001146">
        </testcase>
        <testcase classname="test/ModelUtils.test.ts" name="ModelUtils Tests &gt; SQL Tests &gt; Can build search query with single param (lt)" time="0.0001127">
        </testcase>
        <testcase classname="test/ModelUtils.test.ts" name="ModelUtils Tests &gt; SQL Tests &gt; Can build search query with single param (lte)" time="0.0001102">
        </testcase>
        <testcase classname="test/ModelUtils.test.ts" name="ModelUtils Tests &gt; SQL Tests &gt; Can build search query with single param (not)" time="0.0001087">
        </testcase>
        <testcase classname="test/ModelUtils.test.ts" name="ModelUtils Tests &gt; SQL Tests &gt; Can build search query with single param (range)" time="0.000143">
        </testcase>
        <testcase classname="test/ModelUtils.test.ts" name="ModelUtils Tests &gt; SQL Tests &gt; Rejects a range() value with anything other than exactly two arguments." time="0.0001814">
        </testcase>
        <testcase classname="test/ModelUtils.test.ts" name="ModelUtils Tests &gt; SQL Tests &gt; Falls back to raw strings for a range() whose bounds aren&apos;t valid JSON." time="0.0001279">
        </testcase>
        <testcase classname="test/ModelUtils.test.ts" name="ModelUtils Tests &gt; SQL Tests &gt; Treats an unrecognized operator name as an equality comparison." time="0.0001124">
        </testcase>
        <testcase classname="test/ModelUtils.test.ts" name="ModelUtils Tests &gt; SQL Tests &gt; Can build search query with multiple params." time="0.0001426">
        </testcase>
        <testcase classname="test/ModelUtils.test.ts" name="ModelUtils Tests &gt; SQL Tests &gt; Can build search query with multiple params with same name." time="0.0001448">
        </testcase>
        <testcase classname="test/ModelUtils.test.ts" name="ModelUtils Tests &gt; SQL Tests &gt; Can build search query with multiple params and with same name." time="0.0002518">
        </testcase>
        <testcase classname="test/ModelUtils.test.ts" name="ModelUtils Tests &gt; SQL Tests &gt; Pads a shorter multi-valued param with its own last value instead of dropping it from extra OR branches." time="0.0001877">
        </testcase>
        <testcase classname="test/ModelUtils.test.ts" name="ModelUtils Tests &gt; SQL Tests &gt; Can build search query and filter reserved words." time="0.0000805">
        </testcase>
        <testcase classname="test/ModelUtils.test.ts" name="ModelUtils Tests &gt; SQL Tests &gt; Can build search query with global composite OR criteria" time="0.000161">
        </testcase>
        <testcase classname="test/ModelUtils.test.ts" name="ModelUtils Tests &gt; SQL Tests &gt; Can build search query with global composite OR criteria and sort" time="0.0001843">
        </testcase>
        <testcase classname="test/ModelUtils.test.ts" name="ModelUtils Tests &gt; Can load models." time="0.0107753">
        </testcase>
        <testcase classname="test/ModelUtils.test.ts" name="ModelUtils Tests &gt; Rejects when the given models path cannot be loaded." time="0.0006739">
        </testcase>
    </testsuite>
    <testsuite name="test/MongoConnection.test.ts" timestamp="2026-08-15T01:38:21.583Z" hostname="Jane" tests="18" failures="0" errors="0" skipped="0" time="0.7263222">
        <testcase classname="test/MongoConnection.test.ts" name="MongoConnection Tests &gt; MongoConnection &gt; resolves repositories by class and by name" time="0.0014105">
        </testcase>
        <testcase classname="test/MongoConnection.test.ts" name="MongoConnection Tests &gt; MongoConnection &gt; resolves child entities to the parent collection" time="0.0001222">
        </testcase>
        <testcase classname="test/MongoConnection.test.ts" name="MongoConnection Tests &gt; MongoConnection &gt; throws for unregistered entity names" time="0.0006053">
        </testcase>
        <testcase classname="test/MongoConnection.test.ts" name="MongoConnection Tests &gt; MongoConnection &gt; provides getMongoRepository as an alias" time="0.0000918">
        </testcase>
        <testcase classname="test/MongoConnection.test.ts" name="MongoConnection Tests &gt; MongoConnection &gt; is not detected as a SQL DataSource" time="0.0001425">
        </testcase>
        <testcase classname="test/MongoConnection.test.ts" name="MongoConnection Tests &gt; MongoRepository &gt; saves new documents and assigns _id" time="0.0131851">
        </testcase>
        <testcase classname="test/MongoConnection.test.ts" name="MongoConnection Tests &gt; MongoRepository &gt; replaces documents with an existing _id" time="0.0057461">
        </testcase>
        <testcase classname="test/MongoConnection.test.ts" name="MongoConnection Tests &gt; MongoRepository &gt; omits undefined properties from saved documents" time="0.0016832">
        </testcase>
        <testcase classname="test/MongoConnection.test.ts" name="MongoConnection Tests &gt; MongoRepository &gt; persists child entity instances with their _type" time="0.0030783">
        </testcase>
        <testcase classname="test/MongoConnection.test.ts" name="MongoConnection Tests &gt; MongoRepository &gt; supports find, findOne, count and distinct" time="0.0062552">
        </testcase>
        <testcase classname="test/MongoConnection.test.ts" name="MongoConnection Tests &gt; MongoRepository &gt; supports aggregation with cursor skip/limit/next/toArray" time="0.0047206">
        </testcase>
        <testcase classname="test/MongoConnection.test.ts" name="MongoConnection Tests &gt; MongoRepository &gt; supports updateOne, updateMany, deleteOne and deleteMany" time="0.0061307">
        </testcase>
        <testcase classname="test/MongoConnection.test.ts" name="MongoConnection Tests &gt; MongoRepository &gt; clear() tolerates missing collections" time="0.0016602">
        </testcase>
        <testcase classname="test/MongoConnection.test.ts" name="MongoConnection Tests &gt; MongoSchemaSync &gt; creates collections and declared indexes" time="0.0287136">
        </testcase>
        <testcase classname="test/MongoConnection.test.ts" name="MongoConnection Tests &gt; MongoSchemaSync &gt; is idempotent" time="0.0263116">
        </testcase>
        <testcase classname="test/MongoConnection.test.ts" name="MongoConnection Tests &gt; MongoSchemaSync &gt; re-creates indexes whose definition changed" time="0.0183246">
        </testcase>
        <testcase classname="test/MongoConnection.test.ts" name="MongoConnection Tests &gt; MongoSchemaSync &gt; keeps matching indexes with legacy names" time="0.0127511">
        </testcase>
        <testcase classname="test/MongoConnection.test.ts" name="MongoConnection Tests &gt; MongoSchemaSync &gt; never drops undeclared indexes or _id_" time="0.0154517">
        </testcase>
    </testsuite>
    <testsuite name="test/NetUtils.test.ts" timestamp="2026-08-15T01:38:21.586Z" hostname="Jane" tests="19" failures="0" errors="0" skipped="0" time="0.0089433">
        <testcase classname="test/NetUtils.test.ts" name="NetUtils Tests &gt; Can extract IPv4 address from string." time="0.0013799">
        </testcase>
        <testcase classname="test/NetUtils.test.ts" name="NetUtils Tests &gt; Can extract IPv6 address from string." time="0.0045038">
        </testcase>
        <testcase classname="test/NetUtils.test.ts" name="NetUtils Tests &gt; Can extract IP address from URL string." time="0.0002179">
        </testcase>
        <testcase classname="test/NetUtils.test.ts" name="NetUtils Tests &gt; Falls back to the hostname when the URL string does not resolve to an IP." time="0.0000854">
        </testcase>
        <testcase classname="test/NetUtils.test.ts" name="NetUtils Tests &gt; Returns undefined for a string that is neither an IP nor a valid URL." time="0.0000979">
        </testcase>
        <testcase classname="test/NetUtils.test.ts" name="NetUtils Tests &gt; getIPAddress with an HttpRequest &gt; returns the socket remoteAddress when no trustedProxies are configured" time="0.0001039">
        </testcase>
        <testcase classname="test/NetUtils.test.ts" name="NetUtils Tests &gt; getIPAddress with an HttpRequest &gt; returns the socket remoteAddress when trustedProxies is provided but empty" time="0.000065">
        </testcase>
        <testcase classname="test/NetUtils.test.ts" name="NetUtils Tests &gt; getIPAddress with an HttpRequest &gt; ignores forwarding headers when remoteAddress is not in trustedProxies" time="0.0000832">
        </testcase>
        <testcase classname="test/NetUtils.test.ts" name="NetUtils Tests &gt; getIPAddress with an HttpRequest &gt; ignores forwarding headers when remoteAddress is undefined" time="0.0001342">
        </testcase>
        <testcase classname="test/NetUtils.test.ts" name="NetUtils Tests &gt; getIPAddress with an HttpRequest &gt; prefers x-original-forwarded-for when the proxy is trusted" time="0.0000834">
        </testcase>
        <testcase classname="test/NetUtils.test.ts" name="NetUtils Tests &gt; getIPAddress with an HttpRequest &gt; falls back to x-forwarded-for when x-original-forwarded-for is absent" time="0.0000767">
        </testcase>
        <testcase classname="test/NetUtils.test.ts" name="NetUtils Tests &gt; getIPAddress with an HttpRequest &gt; falls back to x-real-ip when neither forwarded-for header is present" time="0.0001298">
        </testcase>
        <testcase classname="test/NetUtils.test.ts" name="NetUtils Tests &gt; getIPAddress with an HttpRequest &gt; falls back to remoteAddress when the proxy is trusted but no forwarding headers are set" time="0.0001094">
        </testcase>
        <testcase classname="test/NetUtils.test.ts" name="NetUtils Tests &gt; lookupIPAddress &gt; returns the host directly when it is already an IPv4 address" time="0.0001284">
        </testcase>
        <testcase classname="test/NetUtils.test.ts" name="NetUtils Tests &gt; lookupIPAddress &gt; returns the host directly when it is already an IPv6 address" time="0.000079">
        </testcase>
        <testcase classname="test/NetUtils.test.ts" name="NetUtils Tests &gt; lookupIPAddress &gt; resolves a domain name via DNS" time="0.0002089">
        </testcase>
        <testcase classname="test/NetUtils.test.ts" name="NetUtils Tests &gt; lookupIPAddress &gt; returns undefined when DNS lookup fails" time="0.0001767">
        </testcase>
        <testcase classname="test/NetUtils.test.ts" name="NetUtils Tests &gt; lookupIPAddress &gt; returns undefined when the URL cannot be parsed" time="0.0000902">
        </testcase>
        <testcase classname="test/NetUtils.test.ts" name="NetUtils Tests &gt; lookupIPAddress &gt; returns undefined when the host matches neither an IP nor a domain name pattern" time="0.0000726">
        </testcase>
    </testsuite>
    <testsuite name="test/NotificationUtils.test.ts" timestamp="2026-08-15T01:38:21.589Z" hostname="Jane" tests="2" failures="0" errors="0" skipped="0" time="0.0035734">
        <testcase classname="test/NotificationUtils.test.ts" name="NotificationUtils Tests &gt; publishes to each uid when given an array" time="0.0020005">
        </testcase>
        <testcase classname="test/NotificationUtils.test.ts" name="NotificationUtils Tests &gt; publishes to a single uid when given a string" time="0.0005942">
        </testcase>
    </testsuite>
    <testsuite name="test/ObjectFactory.test.ts" timestamp="2026-08-15T01:38:21.589Z" hostname="Jane" tests="12" failures="0" errors="0" skipped="0" time="0.006868">
        <testcase classname="test/ObjectFactory.test.ts" name="ObjectFactory Tests &gt; @Repository injection &gt; throws when the entity type has no datastore configured" time="0.0023694">
        </testcase>
        <testcase classname="test/ObjectFactory.test.ts" name="ObjectFactory Tests &gt; @Repository injection &gt; throws when no connection is registered for the datastore" time="0.0002675">
        </testcase>
        <testcase classname="test/ObjectFactory.test.ts" name="ObjectFactory Tests &gt; @Repository injection &gt; throws when the connection is neither Mongo nor a SQL DataSource" time="0.000275">
        </testcase>
        <testcase classname="test/ObjectFactory.test.ts" name="ObjectFactory Tests &gt; @Repository injection &gt; assigns the repository when the connection is a SQL DataSource" time="0.0005351">
        </testcase>
        <testcase classname="test/ObjectFactory.test.ts" name="ObjectFactory Tests &gt; @MongoRepository injection &gt; throws when the entity type has no datastore configured" time="0.0002614">
        </testcase>
        <testcase classname="test/ObjectFactory.test.ts" name="ObjectFactory Tests &gt; @MongoRepository injection &gt; throws when no connection is registered for the datastore" time="0.000205">
        </testcase>
        <testcase classname="test/ObjectFactory.test.ts" name="ObjectFactory Tests &gt; @MongoRepository injection &gt; throws when the connection is not a MongoDB datastore" time="0.0002476">
        </testcase>
        <testcase classname="test/ObjectFactory.test.ts" name="ObjectFactory Tests &gt; @MongoRepository injection &gt; assigns the repository when the connection is a MongoConnection" time="0.0003055">
        </testcase>
        <testcase classname="test/ObjectFactory.test.ts" name="ObjectFactory Tests &gt; @RedisConnection injection &gt; assigns a duplicate of the connection when duplicate() is available" time="0.0004829">
        </testcase>
        <testcase classname="test/ObjectFactory.test.ts" name="ObjectFactory Tests &gt; @RedisConnection injection &gt; assigns the connection directly when duplicate() is not available" time="0.0002666">
        </testcase>
        <testcase classname="test/ObjectFactory.test.ts" name="ObjectFactory Tests &gt; @RedisConnection injection &gt; throws when no connection is registered and the name is not &apos;cache&apos;" time="0.0002265">
        </testcase>
        <testcase classname="test/ObjectFactory.test.ts" name="ObjectFactory Tests &gt; @RedisConnection injection &gt; silently skips injection when no connection is registered and the name is &apos;cache&apos;" time="0.0002339">
        </testcase>
    </testsuite>
    <testsuite name="test/OpenApiSpec.test.ts" timestamp="2026-08-15T01:38:21.591Z" hostname="Jane" tests="1" failures="0" errors="0" skipped="0" time="0.0352988">
        <testcase classname="test/OpenApiSpec.test.ts" name="OpenApiSpec Tests &gt; Can serve OpenAPI spec." time="0.0326009">
            <system-out>
[createSpec] 2026-08-15T01:37:57.998Z [32minfo[39m: Registering class OpenApiSpec
[createSpec] 2026-08-15T01:37:58.003Z [34mdebug[39m: Creating new instance of class [OpenApiSpec] with name [OpenApiSpec:default]

[createSpec] 2026-08-15T01:37:58.005Z [32minfo[39m: Registering class AdminRoute
[createSpec] 2026-08-15T01:37:58.006Z [34mdebug[39m: Creating new instance of class [AdminRoute] with name [AdminRoute:12541515-122c-445a-a2f3-4f8fb991095d]
[AdminRoute.init] 2026-08-15T01:37:58.006Z [33mwarn[39m: Cache is disabled.
[AdminRoute.init] 2026-08-15T01:37:58.007Z [33mwarn[39m: Could not initialize `/admin/logs` route. The `logs` datastore is not not configured.

[createSpec] 2026-08-15T01:37:58.008Z [32minfo[39m: Registering class RouteUtils
[createSpec] 2026-08-15T01:37:58.008Z [34mdebug[39m: Creating new instance of class [RouteUtils] with name [RouteUtils:7ca39c74-ec23-4554-8b91-7076be97a523]
[ObjectFactory.initialize] 2026-08-15T01:37:58.008Z [32minfo[39m: Registering class ACLUtils
[ObjectFactory.initialize] 2026-08-15T01:37:58.009Z [34mdebug[39m: Creating new instance of class [ACLUtils] with name [ACLUtils:default]
[ObjectFactory.initialize] 2026-08-15T01:37:58.009Z [32minfo[39m: Registering class ConnectionManager
[ObjectFactory.initialize] 2026-08-15T01:37:58.009Z [34mdebug[39m: Creating new instance of class [ConnectionManager] with name [ConnectionManager:default]
[ObjectFactory.initialize] 2026-08-15T01:37:58.010Z [32minfo[39m: Registering class AuthMiddleware
[ObjectFactory.initialize] 2026-08-15T01:37:58.010Z [34mdebug[39m: Creating new instance of class [AuthMiddleware] with name [AuthMiddleware:default]
[ObjectFactory.initialize] 2026-08-15T01:37:58.011Z [32minfo[39m: Registering class ObjectFactory
[ObjectFactory.initialize] 2026-08-15T01:37:58.011Z [34mdebug[39m: Creating new instance of class [ObjectFactory] with name [ObjectFactory:default]

2026-08-15T01:37:58.012Z [31merror[39m: Failed to instantiate dependency. Type=class ACLUtils {
    get cacheClient() {
        return this.connMgr?.connections.get(&quot;cache&quot;);
    }
    get repo() {
        const conn = this.connMgr?.connections.get(&quot;acl&quot;);
        if (conn instanceof __vite_ssr_import_6__.MongoConnection) {
            return conn.getRepository((0,__vite_ssr_import_2__.AccessControlListMongo));
        } else if ((0,__vite_ssr_import_5__.isSqlDataSource)(conn)) {
            return conn.getRepository(__vite_ssr_import_1__.AccessControlListSQL.name);
        };
        return undefined;
    }
    init() {
        if (this.enabled) {
            if (!this.repo) {
                throw new Error(&quot;Failed to initialize ACLUtils. Did you forget to configure the `acl` datastore?&quot;);
            };
            this.logger?.info(&quot;RBAC system is enabled and ready.&quot;);
        } else {
            this.logger?.warn(&quot;RBAC system is disabled.&quot;);
        }
    }
    /**
	* Checks to see if the provided user matches the providedUserOrRoleId.
	* @param user The user to check.
	* @param userOrRoleId The ACL record id to check against.
	* @returns `true` if the user contains a `uid` or `role` that matches the `userOrRoleId`, otherwise `false`.
	*/ userMatchesId(user, userOrRoleId) {
        if (!user?.uid) {
            return userOrRoleId === &quot;anonymous&quot;;
        };
        // Explicit wildcards — match any authenticated user; no regex engine involved
        if (userOrRoleId === &quot;.*&quot; || userOrRoleId === &quot;*&quot;) return true;
        if (user.uid === userOrRoleId) return true;
        if (user.roles) {
            for (const role of user.roles){
                if (role === userOrRoleId) return true;
            }
        };
        return false;
    }
    /**
	* Validates that the user has permission to perform the request operation against the URL path for the
	* provided request. If ACLUtils has not been initialized or the `acl` datastore has not been configured
	* then always returns `true`.
	*
	* @param uid The uid of the access control list to verify against.
	* @param user The user to validate.
	* @param req The request whose URL path and method will be verified.
	*/ async checkRequestPerms(uid, user, req) {
        // If RBAC is disabled just return
        if (!this.enabled) {
            return true;
        };
        // Request-scoped cache avoids duplicate Redis/DB fetches when the same ACL uid is
        // checked more than once within a single request (e.g. class + method @Protect).
        if (!req._aclCache) {
            req._aclCache = new Map();
        };
        const reqCache = req._aclCache;
        // Deny by default — if the ACL record can&apos;t be found (e.g. it failed to persist at
        // registration time) a `@Protect`-ed route must not silently become open to everyone.
        let result = false;
        let acl = await this.findACL(uid, [], reqCache);
        if (acl) {
            // Make sure all parents are populated
            if (!acl.parent) {
                await this.populateParent(acl);
            };
            // First check if the user is trusted. Trusted users always have permission. We pass in the ACL uid as
            // it may be an organization id in which case we want to also check for organizational trusted users.
            if (__vite_ssr_import_0__.UserUtils.hasRoles(user, this.trustedRoles, acl.uid)) {
                result = true;
            } else {
                // Map the request method to an ACLAction and test for permission. `hasPermission` already
                // treats `ACLAction.FULL` as a wildcard that supersedes any specific action requested.
                const methodToAction = {
                    delete: __vite_ssr_import_3__.ACLAction.DELETE,
                    get: __vite_ssr_import_3__.ACLAction.READ,
                    head: __vite_ssr_import_3__.ACLAction.COUNT,
                    patch: __vite_ssr_import_3__.ACLAction.UPDATE,
                    post: __vite_ssr_import_3__.ACLAction.CREATE,
                    put: __vite_ssr_import_3__.ACLAction.UPDATE
                };
                const action = methodToAction[req.method.toLowerCase()];
                result = action ? await this.hasPermission(user, acl, action) : false;
            }
        };
        return result;
    }
    /**
	* Validates that the user has permission to perform the provided action using the given access control list.
	*
	* @param user The user to validate permissions of.
	* @param acl The ACL or uid of an ACL to validate permissions against.
	* @param action The action that the user desires permission for.
	* @param reqCache Optional request-scoped cache (see `findACL`) to avoid redundant Redis/DB round trips
	* when the same ACL uid — typically a shared parent — is checked repeatedly within one request, such as
	* once per record when filtering a page of search results.
	* @returns `true` if the user has at least one of the permissions granted for the given entity, otherwise `false`.
	*/ async hasPermission(user, acl, action, reqCache) {
        // If the repo isn&apos;t available, no acl was provided or the ACL string is empty just return, assume always true
        if (!this.enabled || !this.repo || !acl || acl === &quot;&quot;) {
            return true;
        };
        // First check if the user is trusted. Trusted users always have permission. We pass in the ACL uid as
        // it may be an organization id in which case we want to also check for organizational trusted users.
        if (__vite_ssr_import_0__.UserUtils.hasRoles(user, this.trustedRoles, typeof acl === &quot;string&quot; ? acl : acl.uid)) {
            return true;
        };
        // If a uid has been given look up the ACL associated with it and then process
        if (typeof acl === &quot;string&quot;) {
            const entry = await this.findACL(acl, [], reqCache);
            return entry ? await this.hasPermission(user, entry, action, reqCache) : false;
        };
        // Look for the first available record for the given user
        const record = this.getRecord(acl, user);
        // A `FULL` (&quot;*&quot;) grant supersedes any specific action requested.
        return record ? record.actions.includes(__vite_ssr_import_3__.ACLAction.FULL) || record.actions.includes(action) : false;
    }
    /**
	* Retrieves the access control list with the associated identifier and populates the parent(s).
	*
	* @param entityId The unique identifier of the ACL to retrieve.
	* @param parentUids The list of already found parent UIDs. This is used to break circular dependencies.
	*/ async findACL(entityId, parentUids = [], reqCache) {
        if (!this.enabled || !this.repo) {
            return undefined;
        };
        // Check request-scoped cache first — eliminates redundant Redis/DB round trips
        // when the same ACL uid is visited more than once within one request.
        if (reqCache?.has(entityId)) {
            return reqCache.get(entityId) ?? undefined;
        };
        let acl = undefined;
        // Retrieve the ACL from the cache if present
        if (this.cacheClient) {
            const json = await this.cacheClient.get(`${CACHE_BASE_KEY}.${entityId}`);
            if (json) {
                try {
                    acl = JSON.parse(json);
                } catch (err) {}
            }
        };
        // If the acl wasn&apos;t found in the cache look in the database
        if (!acl) {
            if (this.repo instanceof __vite_ssr_import_7__.MongoRepository) {
                acl = await this.repo.findOne({
                    uid: entityId
                });
                acl = acl ? new __vite_ssr_import_2__.AccessControlListMongo(acl) : undefined;
            } else {
                acl = await this.repo.findOne({
                    where: {
                        uid: entityId
                    }
                });
                acl = acl ? new __vite_ssr_import_1__.AccessControlListSQL(acl) : undefined;
            };
            // Store a copy in the cache for faster retrieval next time
            if (acl &amp;&amp; this.cacheClient) {
                void this.cacheClient.setex(`${CACHE_BASE_KEY}.${entityId}`, this.cacheTTL, JSON.stringify(acl));
            }
        };
        // Populate request-scoped cache before fetching the parent chain so recursive
        // calls for the same uid are served from memory.
        if (reqCache) {
            reqCache.set(entityId, acl);
        };
        // Retrieve the parent ACL and assign it if available. Don&apos;t populate parents we&apos;ve
        // already found to prevent a circular dependency.
        if (acl &amp;&amp; acl.parentUid &amp;&amp; !parentUids.includes(acl.parentUid)) {
            parentUids.push(acl.parentUid);
            acl.parent = await this.findACL(acl.parentUid, parentUids, reqCache);
        };
        return acl;
    }
    /**
	* Deletes the ACL with the given identifier from the database.
	* @param uid The unique identifier of the ACL to remove.
	*/ async removeACL(uid) {
        if (this.enabled) {
            try {
                if (this.repo instanceof __vite_ssr_import_7__.MongoRepository) {
                    await this.repo.deleteOne({
                        uid
                    });
                } else if (this.repo) {
                    await this.repo.delete({
                        uid
                    });
                }
            } catch (err) {};
            // Without this, a deleted ACL stays readable from the cache for up to `cacheTTL` seconds,
            // so permissions the deletion was meant to revoke would continue to apply during that window.
            if (this.cacheClient) {
                await this.cacheClient.del(`${CACHE_BASE_KEY}.${uid}`);
            }
        }
    }
    /**
	* Compares two ACLs to see if they have been modified and returns the total number of changes between them.
	*
	* @param aclA The source ACL to compare against.
	* @param aclB The new ACL to compare with.
	* @returns The total number of changes between the two ACLs.
	*/ diffACL(aclA, aclB) {
        let result = 0;
        // Did the parent change?
        if (aclA.parentUid !== aclB.parentUid) {
            result++;
        };
        // Did any of the records change from A to B?
        for (const recordA of aclA.records){
            let foundRecord = undefined;
            // Look for the same record in aclA
            for (const recordB of aclB.records){
                if (recordA.userOrRoleId === recordB.userOrRoleId) {
                    foundRecord = recordB;
                    break;
                }
            };
            if (foundRecord) {
                // Check to see if the granted actions changed for this record
                result += this.actionsChanged(foundRecord.actions, recordA.actions) ? 1 : 0;
            } else {
                result++;
            }
        };
        // Did any of the records change from B to A?
        for (const recordB of aclB.records){
            let foundRecord = undefined;
            // Look for the same record in aclA
            for (const recordA of aclA.records){
                if (recordA.userOrRoleId === recordB.userOrRoleId) {
                    foundRecord = recordA;
                    break;
                }
            };
            if (foundRecord) {
                // Check to see if the granted actions changed for this record
                result += this.actionsChanged(foundRecord.actions, recordB.actions) ? 1 : 0;
            } else {
                result++;
            }
        };
        return result;
    }
    /**
	* Compares two lists of granted actions, ignoring order, to see if they differ.
	*/ actionsChanged(a, b) {
        if (a.length !== b.length) {
            return true;
        };
        const sortedA = [
            ...a
        ].sort();
        const sortedB = [
            ...b
        ].sort();
        return sortedA.some((action, i)=&gt;action !== sortedB[i]);
    }
    /**
	* Stores the given access control list into the ACL database.
	*
	* @param acl The ACL to store.
	* @return Returns the ACL that was stored in the database.
	*/ async saveACL(acl) {
        let result = null;
        if (!this.enabled || !acl) {
            return result;
        };
        if (this.repo instanceof __vite_ssr_import_7__.MongoRepository) {
            const mACL = new __vite_ssr_import_2__.AccessControlListMongo(acl);
            const existing = await this.repo.findOne({
                uid: acl.uid
            });
            // If no changes have been made between versions ignore this request
            if (existing &amp;&amp; this.diffACL(existing, acl) === 0) {
                return existing;
            };
            // Make sure that the versions match before we proceed
            if (existing &amp;&amp; existing.version !== mACL.version) {
                throw new Error(`The acl to save must be of the same version. ACL=${acl.uid}, Expected=${existing.version}, Actual=${mACL.version}`);
            };
            const aclMongo = new __vite_ssr_import_2__.AccessControlListMongo({
                ...acl,
                dateModifed: new Date(),
                version: existing ? mACL.version + 1 : 0
            });
            result = await this.repo.save(aclMongo);
        } else if (this.repo) {
            const sACL = new __vite_ssr_import_1__.AccessControlListSQL(acl);
            const existing = await this.repo.findOne({
                where: {
                    uid: acl.uid
                }
            });
            // If no changes have been made between versions ignore this request
            if (existing &amp;&amp; this.diffACL(existing, acl) === 0) {
                return existing;
            };
            // Make sure that the versions match before we proceed
            if (existing &amp;&amp; existing.version !== sACL.version) {
                throw new Error(`The acl to save must be of the same version. ACL=${acl.uid}, Expected=${existing.version}, Actual=${sACL.version}`);
            };
            const aclSQL = new __vite_ssr_import_1__.AccessControlListSQL({
                ...acl,
                dateModifed: new Date(),
                version: existing ? sACL.version + 1 : 0
            });
            result = await this.repo.save(aclSQL);
        };
        // Store a copy in the cache for faster retrieval next time
        if (this.cacheClient &amp;&amp; result) {
            void this.cacheClient.setex(`${CACHE_BASE_KEY}.${result.uid}`, this.cacheTTL, JSON.stringify(result));
        };
        return result;
    }
    /**
	* Stores the given default access control list into the ACL database. A default ACL is a special type of ACL
	* that is primarily defined and maintained within the code but allows for user-specific overrides. To accomplish
	* this, the provided ACL is split in two. A new record is automatically created with the `uid` of the form
	* `default_&lt;uid&gt;` that stores the exact record as provided by code. Then a second ACL record is created
	* with the `uid` being that of what is passed as the argument. This second ACL is used to store user-defined
	* overrides. As the `default_&lt;uid&gt;` record is always overwritten with the lastest version of the code, any
	* user-defined changes made to it are lost on service restart.
	*
	* @param defaultAcl
	* @returns
	*/ async saveDefaultACL(acl) {
        let result = null;
        if (!this.enabled || !acl) {
            return result;
        };
        // Make a copy of `acl` with a new name for our default_ record
        let defaultAcl = {
            ...acl,
            uid: `default_${acl.uid}`
        };
        // Attempt to update the default ACL record. If a version mismatch occurs we will try again.
        const maxAttempts = 3;
        let attempts = 0;
        while(attempts++ &lt; maxAttempts){
            try {
                // Two documents are stored for each default ACL. A record named `default_&lt;NAME&gt;`
                // and another named `&lt;NAME&gt;`. The `&lt;NAME&gt;` record stores the user-defined
                // overrides that overlay the `default_&lt;NAME&gt;` document. The `default_&lt;NAME&gt;` is
                // therefore always updated with whatever is provided as the `defaultAcl` argument.
                const existing = await this.findACL(defaultAcl.uid);
                if (existing) {
                    // Copy over the new records from code
                    existing.records = defaultAcl.records;
                    defaultAcl = existing;
                    // The user-defined override record was already created on a previous run. Look it
                    // up so callers still receive a valid ACL to register routes against instead of `null`.
                    result = await this.findACL(acl.uid) ?? null;
                } else {
                    // Create the user-defined override record
                    result = await this.saveACL({
                        uid: acl.uid,
                        parentUid: defaultAcl.uid,
                        records: []
                    });
                };
                // Always save the ACL into the datastore
                await this.saveACL(defaultAcl);
                attempts = maxAttempts;
            } catch (err) {
                if (attempts &lt; maxAttempts) {
                    // Wait a brief moment before we try again. Stagger the time to avoid race conditions.
                    await (0,__vite_ssr_import_0__.sleep)(Math.floor(Math.random() * 1e3));
                } else {
                    // Rethrow if we&apos;re out of retries
                    throw err;
                }
            }
        };
        return result;
    }
    /**
	* Retrieves the first available record in the provided ACL associated with the provided user.
	*
	* @param acl The access control list that will be searched.
	* @param user The user to find a record for.
	* @returns The ACL record associated with the given user if found, otherwise `undefined`.
	*/ getRecord(acl, user) {
        if (!acl) {
            return null;
        };
        for (const record of acl.records){
            if (this.userMatchesId(user, record.userOrRoleId)) {
                return record;
            }
        };
        return acl.parent ? this.getRecord(acl.parent, user) : null;
    }
    /**
	* Attempts to retrieve the parent access control list for the given ACL object.
	*
	* @param acl The access control list whose parents will be populated.
	* @param parentUids The list of already found parent UIDs. This is used to break circular dependencies.
	*/ async populateParent(acl, parentUids = []) {
        if (acl &amp;&amp; acl.parentUid) {
            parentUids.push(acl.parentUid);
            acl.parent = await this.findACL(acl.parentUid, parentUids);
        }
    }
    constructor(){
        this.enabled = true;
        this.cacheTTL = 30;
        this.trustedRoles = [
            &quot;admin&quot;
        ];
    }
}, Parent=RouteUtils, Member=aclUtils
2026-08-15T01:37:58.012Z [34mdebug[39m: Failed to initialize ACLUtils. Did you forget to configure the `acl` datastore?

[RouteUtils.registerRoute] 2026-08-15T01:37:58.013Z [32minfo[39m: Registered Route: GET /admin/clear-cache
[RouteUtils.registerRoute] 2026-08-15T01:37:58.015Z [32minfo[39m: Registered Route: WS /admin/logs
[RouteUtils.registerRoute] 2026-08-15T01:37:58.015Z [32minfo[39m: Registered Route: GET /admin/release-notes
[RouteUtils.registerRoute] 2026-08-15T01:37:58.015Z [32minfo[39m: Registered Route: GET /admin/restart

[createSpec] 2026-08-15T01:37:58.016Z [34mdebug[39m: Creating new instance of class [OpenApiSpec] with name [OpenApiSpec:default]

[createSpec] 2026-08-15T01:37:58.016Z [34mdebug[39m: Creating new instance of class [AdminRoute] with name [AdminRoute:8e96cd18-e6b4-4230-87b0-568daa29f2b5]
[AdminRoute.init] 2026-08-15T01:37:58.017Z [33mwarn[39m: Cache is disabled.
[AdminRoute.init] 2026-08-15T01:37:58.017Z [33mwarn[39m: Could not initialize `/admin/logs` route. The `logs` datastore is not not configured.

[createSpec] 2026-08-15T01:37:58.017Z [34mdebug[39m: Creating new instance of class [RouteUtils] with name [RouteUtils:dc4a85f6-011e-4a67-b1b1-77fd1329f3c5]
[ObjectFactory.initialize] 2026-08-15T01:37:58.018Z [34mdebug[39m: Creating new instance of class [ACLUtils] with name [ACLUtils:default]
[ObjectFactory.initialize] 2026-08-15T01:37:58.018Z [34mdebug[39m: Creating new instance of class [ConnectionManager] with name [ConnectionManager:default]
[ObjectFactory.initialize] 2026-08-15T01:37:58.018Z [34mdebug[39m: Creating new instance of class [AuthMiddleware] with name [AuthMiddleware:default]
[ObjectFactory.initialize] 2026-08-15T01:37:58.019Z [34mdebug[39m: Creating new instance of class [ObjectFactory] with name [ObjectFactory:default]

2026-08-15T01:37:58.019Z [31merror[39m: Failed to instantiate dependency. Type=class ACLUtils {
    get cacheClient() {
        return this.connMgr?.connections.get(&quot;cache&quot;);
    }
    get repo() {
        const conn = this.connMgr?.connections.get(&quot;acl&quot;);
        if (conn instanceof __vite_ssr_import_6__.MongoConnection) {
            return conn.getRepository((0,__vite_ssr_import_2__.AccessControlListMongo));
        } else if ((0,__vite_ssr_import_5__.isSqlDataSource)(conn)) {
            return conn.getRepository(__vite_ssr_import_1__.AccessControlListSQL.name);
        };
        return undefined;
    }
    init() {
        if (this.enabled) {
            if (!this.repo) {
                throw new Error(&quot;Failed to initialize ACLUtils. Did you forget to configure the `acl` datastore?&quot;);
            };
            this.logger?.info(&quot;RBAC system is enabled and ready.&quot;);
        } else {
            this.logger?.warn(&quot;RBAC system is disabled.&quot;);
        }
    }
    /**
	* Checks to see if the provided user matches the providedUserOrRoleId.
	* @param user The user to check.
	* @param userOrRoleId The ACL record id to check against.
	* @returns `true` if the user contains a `uid` or `role` that matches the `userOrRoleId`, otherwise `false`.
	*/ userMatchesId(user, userOrRoleId) {
        if (!user?.uid) {
            return userOrRoleId === &quot;anonymous&quot;;
        };
        // Explicit wildcards — match any authenticated user; no regex engine involved
        if (userOrRoleId === &quot;.*&quot; || userOrRoleId === &quot;*&quot;) return true;
        if (user.uid === userOrRoleId) return true;
        if (user.roles) {
            for (const role of user.roles){
                if (role === userOrRoleId) return true;
            }
        };
        return false;
    }
    /**
	* Validates that the user has permission to perform the request operation against the URL path for the
	* provided request. If ACLUtils has not been initialized or the `acl` datastore has not been configured
	* then always returns `true`.
	*
	* @param uid The uid of the access control list to verify against.
	* @param user The user to validate.
	* @param req The request whose URL path and method will be verified.
	*/ async checkRequestPerms(uid, user, req) {
        // If RBAC is disabled just return
        if (!this.enabled) {
            return true;
        };
        // Request-scoped cache avoids duplicate Redis/DB fetches when the same ACL uid is
        // checked more than once within a single request (e.g. class + method @Protect).
        if (!req._aclCache) {
            req._aclCache = new Map();
        };
        const reqCache = req._aclCache;
        // Deny by default — if the ACL record can&apos;t be found (e.g. it failed to persist at
        // registration time) a `@Protect`-ed route must not silently become open to everyone.
        let result = false;
        let acl = await this.findACL(uid, [], reqCache);
        if (acl) {
            // Make sure all parents are populated
            if (!acl.parent) {
                await this.populateParent(acl);
            };
            // First check if the user is trusted. Trusted users always have permission. We pass in the ACL uid as
            // it may be an organization id in which case we want to also check for organizational trusted users.
            if (__vite_ssr_import_0__.UserUtils.hasRoles(user, this.trustedRoles, acl.uid)) {
                result = true;
            } else {
                // Map the request method to an ACLAction and test for permission. `hasPermission` already
                // treats `ACLAction.FULL` as a wildcard that supersedes any specific action requested.
                const methodToAction = {
                    delete: __vite_ssr_import_3__.ACLAction.DELETE,
                    get: __vite_ssr_import_3__.ACLAction.READ,
                    head: __vite_ssr_import_3__.ACLAction.COUNT,
                    patch: __vite_ssr_import_3__.ACLAction.UPDATE,
                    post: __vite_ssr_import_3__.ACLAction.CREATE,
                    put: __vite_ssr_import_3__.ACLAction.UPDATE
                };
                const action = methodToAction[req.method.toLowerCase()];
                result = action ? await this.hasPermission(user, acl, action) : false;
            }
        };
        return result;
    }
    /**
	* Validates that the user has permission to perform the provided action using the given access control list.
	*
	* @param user The user to validate permissions of.
	* @param acl The ACL or uid of an ACL to validate permissions against.
	* @param action The action that the user desires permission for.
	* @param reqCache Optional request-scoped cache (see `findACL`) to avoid redundant Redis/DB round trips
	* when the same ACL uid — typically a shared parent — is checked repeatedly within one request, such as
	* once per record when filtering a page of search results.
	* @returns `true` if the user has at least one of the permissions granted for the given entity, otherwise `false`.
	*/ async hasPermission(user, acl, action, reqCache) {
        // If the repo isn&apos;t available, no acl was provided or the ACL string is empty just return, assume always true
        if (!this.enabled || !this.repo || !acl || acl === &quot;&quot;) {
            return true;
        };
        // First check if the user is trusted. Trusted users always have permission. We pass in the ACL uid as
        // it may be an organization id in which case we want to also check for organizational trusted users.
        if (__vite_ssr_import_0__.UserUtils.hasRoles(user, this.trustedRoles, typeof acl === &quot;string&quot; ? acl : acl.uid)) {
            return true;
        };
        // If a uid has been given look up the ACL associated with it and then process
        if (typeof acl === &quot;string&quot;) {
            const entry = await this.findACL(acl, [], reqCache);
            return entry ? await this.hasPermission(user, entry, action, reqCache) : false;
        };
        // Look for the first available record for the given user
        const record = this.getRecord(acl, user);
        // A `FULL` (&quot;*&quot;) grant supersedes any specific action requested.
        return record ? record.actions.includes(__vite_ssr_import_3__.ACLAction.FULL) || record.actions.includes(action) : false;
    }
    /**
[...]
            <system-out>
[D:/github/rapidrest/service-core/test/http/session/Session.test.ts] 2026-08-15T01:37:56.697Z [32minfo[39m: Registering class SessionManager
[D:/github/rapidrest/service-core/test/http/session/Session.test.ts] 2026-08-15T01:37:56.697Z [34mdebug[39m: Creating new instance of class [SessionManager] with name [SessionManager:default]
[ObjectFactory.initialize] 2026-08-15T01:37:56.698Z [32minfo[39m: Registering class ObjectFactory
[SessionManager.init] 2026-08-15T01:37:56.698Z [32minfo[39m: Registering class MemoryStore
[SessionManager.init] 2026-08-15T01:37:56.698Z [34mdebug[39m: Creating new instance of class [MemoryStore] with name [MemoryStore:6170d701-3e3d-4a9a-a0c7-a7a13d406609]

[SessionManager.init] 2026-08-15T01:37:56.699Z [32minfo[39m: Session support enabled (store: memory).

[D:/github/rapidrest/service-core/test/http/session/Session.test.ts] 2026-08-15T01:37:56.703Z [34mdebug[39m: Destroying object: MemoryStore:6170d701-3e3d-4a9a-a0c7-a7a13d406609

            </system-out>
        </testcase>
    </testsuite>
    <testsuite name="test/http/session/SessionManager.unit.test.ts" timestamp="2026-08-15T01:38:21.735Z" hostname="Jane" tests="1" failures="0" errors="0" skipped="0" time="0.003174">
        <testcase classname="test/http/session/SessionManager.unit.test.ts" name="SessionManager Tests (unit) &gt; throws during init() if objectFactory was never injected" time="0.0020799">
        </testcase>
    </testsuite>
    <testsuite name="test/http/session/sessionMiddleware.test.ts" timestamp="2026-08-15T01:38:21.735Z" hostname="Jane" tests="7" failures="0" errors="0" skipped="0" time="0.0060029">
        <testcase classname="test/http/session/sessionMiddleware.test.ts" name="createSessionMiddleware Tests &gt; creates a new session and sets a cookie when none was sent" time="0.0033946">
        </testcase>
        <testcase classname="test/http/session/sessionMiddleware.test.ts" name="createSessionMiddleware Tests &gt; includes Secure in the cookie when cookieSecure is true" time="0.0002791">
        </testcase>
        <testcase classname="test/http/session/sessionMiddleware.test.ts" name="createSessionMiddleware Tests &gt; loads an existing session when a valid cookie is present" time="0.0003606">
        </testcase>
        <testcase classname="test/http/session/sessionMiddleware.test.ts" name="createSessionMiddleware Tests &gt; creates a new session when the cookie signature is invalid" time="0.0001996">
        </testcase>
        <testcase classname="test/http/session/sessionMiddleware.test.ts" name="createSessionMiddleware Tests &gt; creates a new session when the verified ID has no stored data" time="0.0002341">
        </testcase>
        <testcase classname="test/http/session/sessionMiddleware.test.ts" name="createSessionMiddleware Tests &gt; saves the session on finish when it has data" time="0.0003429">
        </testcase>
        <testcase classname="test/http/session/sessionMiddleware.test.ts" name="createSessionMiddleware Tests &gt; does not save the session on finish when it is empty" time="0.0001682">
        </testcase>
    </testsuite>
    <testsuite name="test/http/uWS/Adapters.test.ts" timestamp="2026-08-15T01:38:21.736Z" hostname="Jane" tests="59" failures="0" errors="0" skipped="0" time="0.0163827">
        <testcase classname="test/http/uWS/Adapters.test.ts" name="parseCookies Tests &gt; returns an empty object for an empty header" time="0.0014321">
        </testcase>
        <testcase classname="test/http/uWS/Adapters.test.ts" name="parseCookies Tests &gt; parses a single cookie" time="0.0001701">
        </testcase>
        <testcase classname="test/http/uWS/Adapters.test.ts" name="parseCookies Tests &gt; parses multiple cookies and trims whitespace" time="0.0001011">
        </testcase>
        <testcase classname="test/http/uWS/Adapters.test.ts" name="parseCookies Tests &gt; decodes URI-encoded values" time="0.0002242">
        </testcase>
        <testcase classname="test/http/uWS/Adapters.test.ts" name="parseCookies Tests &gt; skips segments without an &apos;=&apos; separator" time="0.0001599">
        </testcase>
        <testcase classname="test/http/uWS/Adapters.test.ts" name="parseCookies Tests &gt; falls back to the raw value instead of throwing on malformed percent-encoding" time="0.0006881">
        </testcase>
        <testcase classname="test/http/uWS/Adapters.test.ts" name="parseQueryString Tests &gt; returns an empty object for an empty string" time="0.0001504">
        </testcase>
        <testcase classname="test/http/uWS/Adapters.test.ts" name="parseQueryString Tests &gt; parses simple key/value pairs" time="0.0001274">
        </testcase>
        <testcase classname="test/http/uWS/Adapters.test.ts" name="parseQueryString Tests &gt; treats a key with no &apos;=&apos; as an empty-string value" time="0.0000922">
        </testcase>
        <testcase classname="test/http/uWS/Adapters.test.ts" name="parseQueryString Tests &gt; falls back to the raw key when decoding a flag-only key fails" time="0.0000807">
        </testcase>
        <testcase classname="test/http/uWS/Adapters.test.ts" name="parseQueryString Tests &gt; collects repeated keys into an array" time="0.000081">
        </testcase>
        <testcase classname="test/http/uWS/Adapters.test.ts" name="parseQueryString Tests &gt; appends to an existing array for a third repeat of the same key" time="0.0000886">
        </testcase>
        <testcase classname="test/http/uWS/Adapters.test.ts" name="parseQueryString Tests &gt; decodes URI-encoded keys and values" time="0.0000843">
        </testcase>
        <testcase classname="test/http/uWS/Adapters.test.ts" name="parseQueryString Tests &gt; falls back to raw key/value when decoding fails" time="0.0000833">
        </testcase>
        <testcase classname="test/http/uWS/Adapters.test.ts" name="parseBodyByContentType Tests &gt; returns undefined for an empty buffer" time="0.0001333">
        </testcase>
        <testcase classname="test/http/uWS/Adapters.test.ts" name="parseBodyByContentType Tests &gt; parses valid JSON" time="0.0001095">
        </testcase>
        <testcase classname="test/http/uWS/Adapters.test.ts" name="parseBodyByContentType Tests &gt; falls back to the raw string when JSON parsing fails" time="0.0001886">
        </testcase>
        <testcase classname="test/http/uWS/Adapters.test.ts" name="parseBodyByContentType Tests &gt; parses application/x-www-form-urlencoded bodies" time="0.0001299">
        </testcase>
        <testcase classname="test/http/uWS/Adapters.test.ts" name="parseBodyByContentType Tests &gt; returns the raw buffer for other content types" time="0.0000695">
        </testcase>
        <testcase classname="test/http/uWS/Adapters.test.ts" name="parseBodyByContentType Tests &gt; matches content-type case-insensitively" time="0.0000731">
        </testcase>
        <testcase classname="test/http/uWS/Adapters.test.ts" name="UWSRequest Tests &gt; captures method, url, headers, cookies, query, and remote address" time="0.0003064">
        </testcase>
        <testcase classname="test/http/uWS/Adapters.test.ts" name="UWSRequest Tests &gt; defaults cookies to empty object when there is no cookie header" time="0.0001205">
        </testcase>
        <testcase classname="test/http/uWS/Adapters.test.ts" name="UWSRequest Tests &gt; lowercases header keys" time="0.0000804">
        </testcase>
        <testcase classname="test/http/uWS/Adapters.test.ts" name="UWSResponse Tests &gt; defaults status to 200 and is not yet ended" time="0.0005081">
        </testcase>
        <testcase classname="test/http/uWS/Adapters.test.ts" name="UWSResponse Tests &gt; status()/setHeader()/getHeader() are chainable and track state" time="0.0002002">
        </testcase>
        <testcase classname="test/http/uWS/Adapters.test.ts" name="UWSResponse Tests &gt; appendHeader() accumulates multiple values for the same key without clobbering" time="0.0003411">
        </testcase>
        <testcase classname="test/http/uWS/Adapters.test.ts" name="UWSResponse Tests &gt; appendHeader() after setHeader() turns a single value into an array" time="0.0001187">
        </testcase>
        <testcase classname="test/http/uWS/Adapters.test.ts" name="UWSResponse Tests &gt; json() sets content-type and ends with a JSON string" time="0.0001393">
        </testcase>
        <testcase classname="test/http/uWS/Adapters.test.ts" name="UWSResponse Tests &gt; send() with undefined/null ends without a body" time="0.0033627">
        </testcase>
        <testcase classname="test/http/uWS/Adapters.test.ts" name="UWSResponse Tests &gt; send() with a plain object delegates to json()" time="0.0001276">
        </testcase>
        <testcase classname="test/http/uWS/Adapters.test.ts" name="UWSResponse Tests &gt; send() with a Buffer ends with the raw buffer" time="0.0002859">
        </testcase>
        <testcase classname="test/http/uWS/Adapters.test.ts" name="UWSResponse Tests &gt; send() with a string ends with the raw string" time="0.0001258">
        </testcase>
        <testcase classname="test/http/uWS/Adapters.test.ts" name="UWSResponse Tests &gt; end() writes the status line and headers, skipping content-length" time="0.0001325">
        </testcase>
        <testcase classname="test/http/uWS/Adapters.test.ts" name="UWSResponse Tests &gt; end() is a no-op when called a second time" time="0.0000847">
        </testcase>
        <testcase classname="test/http/uWS/Adapters.test.ts" name="UWSResponse Tests &gt; end() is a no-op when the connection has already aborted" time="0.0001016">
        </testcase>
        <testcase classname="test/http/uWS/Adapters.test.ts" name="UWSResponse Tests &gt; uses a fallback status message for unknown status codes" time="0.0000906">
        </testcase>
        <testcase classname="test/http/uWS/Adapters.test.ts" name="UWSResponse Tests &gt; end() only writes headers once across HEAD handling" time="0.0001362">
        </testcase>
        <testcase classname="test/http/uWS/Adapters.test.ts" name="UWSResponse Tests &gt; HEAD response with no content-length passes undefined" time="0.0000996">
        </testcase>
        <testcase classname="test/http/uWS/Adapters.test.ts" name="UWSResponse Tests &gt; flushHeaders() writes status/headers and marks streaming" time="0.0001284">
        </testcase>
        <testcase classname="test/http/uWS/Adapters.test.ts" name="UWSResponse Tests &gt; flushHeaders() skips a manually-set content-length header" time="0.0001118">
        </testcase>
        <testcase classname="test/http/uWS/Adapters.test.ts" name="UWSResponse Tests &gt; end() after flushHeaders() does not re-write the status line or headers" time="0.0001101">
        </testcase>
        <testcase classname="test/http/uWS/Adapters.test.ts" name="UWSResponse Tests &gt; flushHeaders() is a no-op on subsequent calls" time="0.0000956">
        </testcase>
        <testcase classname="test/http/uWS/Adapters.test.ts" name="UWSResponse Tests &gt; flushHeaders() is a no-op when aborted" time="0.0006453">
        </testcase>
        <testcase classname="test/http/uWS/Adapters.test.ts" name="UWSResponse Tests &gt; write() flushes headers on first call, then writes subsequent chunks directly" time="0.0001692">
        </testcase>
        <testcase classname="test/http/uWS/Adapters.test.ts" name="UWSResponse Tests &gt; write() is a no-op once ended" time="0.0000888">
        </testcase>
        <testcase classname="test/http/uWS/Adapters.test.ts" name="UWSResponse Tests &gt; write() is a no-op when aborted" time="0.0000991">
        </testcase>
        <testcase classname="test/http/uWS/Adapters.test.ts" name="UWSResponse Tests &gt; onAbort() fires all registered handlers exactly once when aborted" time="0.0001245">
        </testcase>
        <testcase classname="test/http/uWS/Adapters.test.ts" name="UWSResponse Tests &gt; onFinish() handlers fire after end()" time="0.0001777">
        </testcase>
        <testcase classname="test/http/uWS/Adapters.test.ts" name="UWSResponse Tests &gt; onFinish() fires immediately when registered after finish" time="0.0002086">
        </testcase>
        <testcase classname="test/http/uWS/Adapters.test.ts" name="UWSResponse Tests &gt; onFinish() handlers fire on abort too, and swallow thrown errors" time="0.0002168">
        </testcase>
        <testcase classname="test/http/uWS/Adapters.test.ts" name="UWSResponse Tests &gt; _fireFinish only fires handlers once even if triggered twice" time="0.0001124">
        </testcase>
        <testcase classname="test/http/uWS/Adapters.test.ts" name="readBody Tests &gt; resolves true immediately when req.body is already set" time="0.0006018">
        </testcase>
        <testcase classname="test/http/uWS/Adapters.test.ts" name="readBody Tests &gt; parses a single-chunk JSON body (fast path)" time="0.0004278">
        </testcase>
        <testcase classname="test/http/uWS/Adapters.test.ts" name="readBody Tests &gt; assembles a multi-chunk body" time="0.0001984">
        </testcase>
        <testcase classname="test/http/uWS/Adapters.test.ts" name="readBody Tests &gt; rejects with 413 when the body exceeds maxBodySize" time="0.0002061">
        </testcase>
        <testcase classname="test/http/uWS/Adapters.test.ts" name="readBody Tests &gt; ignores further chunks after rejection" time="0.0001256">
        </testcase>
        <testcase classname="test/http/uWS/Adapters.test.ts" name="readBody Tests &gt; uses DEFAULT_MAX_BODY_SIZE when none is provided" time="0.0001409">
        </testcase>
        <testcase classname="test/http/uWS/Adapters.test.ts" name="readBody Tests &gt; settles with false instead of hanging forever when the client aborts mid-upload" time="0.0001882">
        </testcase>
        <testcase classname="test/http/uWS/Adapters.test.ts" name="readBody Tests &gt; ignores late data after an abort and does not resolve a second time" time="0.0001383">
        </testcase>
    </testsuite>
    <testsuite name="test/http/uWS/Router.test.ts" timestamp="2026-08-15T01:38:21.742Z" hostname="Jane" tests="8" failures="0" errors="0" skipped="0" time="0.0103297">
        <testcase classname="test/http/uWS/Router.test.ts" name="HttpRouter &gt; registers an OPTIONS route whose handler defaults to 204 when nothing else responds" time="0.0028855">
        </testcase>
        <testcase classname="test/http/uWS/Router.test.ts" name="HttpRouter &gt; defaults an unhandled GET request to 204 when no handler ends the response" time="0.0002214">
        </testcase>
        <testcase classname="test/http/uWS/Router.test.ts" name="HttpRouter &gt; does not send a default 204 once a handler has already ended the response" time="0.0030083">
        </testcase>
        <testcase classname="test/http/uWS/Router.test.ts" name="HttpRouter &gt; listen() resolves and stores the listen socket/port on a successful bind" time="0.0008083">
        </testcase>
        <testcase classname="test/http/uWS/Router.test.ts" name="HttpRouter &gt; listen() rejects when uWS fails to bind (falsy socket)" time="0.0007091">
        </testcase>
        <testcase classname="test/http/uWS/Router.test.ts" name="HttpRouter &gt; ws() open handler &gt; swallows an error from ws.end() when the client disconnected while a handler was awaiting" time="0.0003867">
        </testcase>
        <testcase classname="test/http/uWS/Router.test.ts" name="HttpRouter &gt; ws() open handler &gt; closes with 1002 and the error&apos;s code when a middleware rejects with no downstream handler to catch it" time="0.0008992">
        </testcase>
        <testcase classname="test/http/uWS/Router.test.ts" name="HttpRouter &gt; ws() open handler &gt; falls back to the error&apos;s message, then a generic message, when it has no code" time="0.0003151">
        </testcase>
    </testsuite>
    <testsuite name="test/http/uWS/Router.upgradeAuth.test.ts" timestamp="2026-08-15T01:38:21.744Z" hostname="Jane" tests="4" failures="0" errors="0" skipped="0" time="0.0048476">
        <testcase classname="test/http/uWS/Router.upgradeAuth.test.ts" name="HttpRouter.ws() upgradeAuth handling &gt; rejects the upgrade with a 401 JSON response and never calls uwsRes.upgrade()" time="0.0023614">
        </testcase>
        <testcase classname="test/http/uWS/Router.upgradeAuth.test.ts" name="HttpRouter.ws() upgradeAuth handling &gt; attaches user/auth info to the upgraded userData when upgradeAuth accepts" time="0.000914">
        </testcase>
        <testcase classname="test/http/uWS/Router.upgradeAuth.test.ts" name="HttpRouter.ws() upgradeAuth handling &gt; upgrades without attaching a user when upgradeAuth falls through with {}" time="0.0002535">
        </testcase>
        <testcase classname="test/http/uWS/Router.upgradeAuth.test.ts" name="HttpRouter.ws() upgradeAuth handling &gt; upgrades directly when no upgradeAuth function is provided at all" time="0.0002487">
        </testcase>
    </testsuite>
    <testsuite name="test/http/uWS/WebSocket.test.ts" timestamp="2026-08-15T01:38:21.744Z" hostname="Jane" tests="13" failures="0" errors="0" skipped="0" time="0.0085636">
        <testcase classname="test/http/uWS/WebSocket.test.ts" name="UWSWebSocketShim Tests &gt; send &gt; sends string data as text (isBinary=false) and invokes cb with no error on success" time="0.0022727">
        </testcase>
        <testcase classname="test/http/uWS/WebSocket.test.ts" name="UWSWebSocketShim Tests &gt; send &gt; sends non-string data as a binary Buffer (isBinary=true)" time="0.0004841">
        </testcase>
        <testcase classname="test/http/uWS/WebSocket.test.ts" name="UWSWebSocketShim Tests &gt; send &gt; invokes cb with an error when the underlying send reports backpressure failure" time="0.00079">
        </testcase>
        <testcase classname="test/http/uWS/WebSocket.test.ts" name="UWSWebSocketShim Tests &gt; send &gt; does not throw when no cb is provided and send succeeds" time="0.0006061">
        </testcase>
        <testcase classname="test/http/uWS/WebSocket.test.ts" name="UWSWebSocketShim Tests &gt; send &gt; invokes cb with the thrown error when the underlying send throws" time="0.00031">
        </testcase>
        <testcase classname="test/http/uWS/WebSocket.test.ts" name="UWSWebSocketShim Tests &gt; send &gt; does not throw when send throws and no cb is provided" time="0.0001764">
        </testcase>
        <testcase classname="test/http/uWS/WebSocket.test.ts" name="UWSWebSocketShim Tests &gt; close &gt; delegates to the underlying ws.end with code and reason" time="0.0002042">
        </testcase>
        <testcase classname="test/http/uWS/WebSocket.test.ts" name="UWSWebSocketShim Tests &gt; close &gt; swallows errors thrown by ws.end" time="0.0001916">
        </testcase>
        <testcase classname="test/http/uWS/WebSocket.test.ts" name="createWebSocketStream Tests &gt; forwards writes to shim.send and invokes the write callback" time="0.0007563">
        </testcase>
        <testcase classname="test/http/uWS/WebSocket.test.ts" name="createWebSocketStream Tests &gt; pushes incoming shim &apos;message&apos; events as readable data" time="0.0008046">
        </testcase>
        <testcase classname="test/http/uWS/WebSocket.test.ts" name="createWebSocketStream Tests &gt; ends and destroys the duplex when the shim emits &apos;close&apos;" time="0.0003625">
        </testcase>
        <testcase classname="test/http/uWS/WebSocket.test.ts" name="createWebSocketStream Tests &gt; closes the shim&apos;s underlying connection when the duplex is closed" time="0.0001643">
        </testcase>
        <testcase classname="test/http/uWS/WebSocket.test.ts" name="createWebSocketStream Tests &gt; calls shim.close(1000) when the writable side is finalized" time="0.0002931">
        </testcase>
    </testsuite>
</testsuites>
